Run the experiment ...
REP v_01 source code
seed(repetition id): 1
NEW TRY OF INIT
Exploration: 
40
NEW TRY OF INIT
Exploration: 
40
NEW TRY OF INIT
Exploration: 
40
NEW TRY OF INIT
Exploration: 
40
NEW TRY OF INIT
Exploration: 
40
NEW TRY OF INIT
Exploration: 
40
NEW TRY OF INIT
Exploration: 
40
NEW TRY OF INIT
Exploration: 
40
NEW TRY OF INIT
Exploration: 
40
NEW TRY OF INIT
Exploration: 
40
NEW TRY OF INIT
Exploration: 
40
NEW TRY OF INIT
Exploration: 
40
NEW TRY OF INIT
Exploration: 
40
NEW TRY OF INIT
Exploration: 
40
NEW TRY OF INIT
Exploration: 
40
NEW TRY OF INIT
Exploration: 
40
NEW TRY OF INIT
Exploration: 
40
NEW TRY OF INIT
Exploration: 
40
NEW TRY OF INIT
Exploration: 
40
Run 42, optimisation toward goal: 
TARGET =tensor([0.0650, 0.0000, 0.0700])
reached= tensor([0.0607, 0.0008, 0.0752])
Run 43, optimisation toward goal: 
TARGET =tensor([0.0650, 0.0000, 0.0100])
reached= tensor([0.0727, 0.0010, 0.0837])
Run 44, optimisation toward goal: 
TARGET =tensor([ 0.0650,  0.0000, -0.0500])
reached= tensor([ 0.0752, -0.0011,  0.0113])
Run 45, optimisation toward goal: 
TARGET =tensor([ 0.0650,  0.0000, -0.1100])
reached= tensor([ 0.0956,  0.0192, -0.0166])
Run 46, optimisation toward goal: 
TARGET =tensor([ 0.0650,  0.0000, -0.1700])
reached= tensor([10.,  0.,  0.])
Run 47, optimisation toward goal: 
TARGET =tensor([ 0.0650,  0.0000, -0.2300])
reached= tensor([10.,  0.,  0.])
Run 48, optimisation toward goal: 
TARGET =tensor([ 0.0656,  0.0523, -0.0732])
reached= tensor([0.0939, 0.0155, 0.2068])
Run 49, optimisation toward goal: 
TARGET =tensor([ 0.0670, -0.0307, -0.0869])
reached= tensor([ 0.0916, -0.0257, -0.0057])
Run 50, optimisation toward goal: 
TARGET =tensor([ 0.0625,  0.0513, -0.0748])
reached= tensor([ 0.0900,  0.0475, -0.0516])
Run 51, optimisation toward goal: 
TARGET =tensor([ 0.0661,  0.0002, -0.0824])
reached= tensor([10.,  0.,  0.])
Run 52, optimisation toward goal: 
TARGET =tensor([ 0.0688,  0.0873, -0.0879])
reached= tensor([10.,  0.,  0.])
Run 53, optimisation toward goal: 
TARGET =tensor([ 0.0632,  0.0894, -0.1092])
reached= tensor([10.,  0.,  0.])
Run 54, optimisation toward goal: 
TARGET =tensor([ 0.0660,  0.0402, -0.0906])
reached= tensor([10.,  0.,  0.])
Run 55, optimisation toward goal: 
TARGET =tensor([ 0.0647,  0.0522, -0.1060])
reached= tensor([ 0.0833,  0.0362, -0.0552])
Run 56, optimisation toward goal: 
TARGET =tensor([ 0.0670,  0.0335, -0.1044])
reached= tensor([10.,  0.,  0.])
Run 57, optimisation toward goal: 
TARGET =tensor([ 0.0636, -0.0552, -0.0481])
reached= tensor([ 0.0892, -0.0114,  0.2287])
Run 58, optimisation toward goal: 
TARGET =tensor([ 0.0634,  0.0413, -0.1079])
reached= tensor([10.,  0.,  0.])
Run 59, optimisation toward goal: 
TARGET =tensor([ 0.0645,  0.0533, -0.1065])
reached= tensor([10.,  0.,  0.])
Run 60, optimisation toward goal: 
TARGET =tensor([ 0.0648,  0.0817, -0.1012])
reached= tensor([ 0.0832,  0.0921, -0.0490])
Run 61, optimisation toward goal: 
TARGET =tensor([ 0.0654,  0.0792, -0.0939])
reached= tensor([ 0.0892,  0.0770, -0.0405])
Run 62, optimisation toward goal: 
TARGET =tensor([ 0.0630,  0.0209, -0.0908])
reached= tensor([10.,  0.,  0.])
Run 63, optimisation toward goal: 
TARGET =tensor([ 0.0654, -0.0010, -0.0736])
reached= tensor([10.,  0.,  0.])
Run 64, optimisation toward goal: 
TARGET =tensor([ 0.0639,  0.0394, -0.1123])
reached= tensor([ 0.0839,  0.0330, -0.0490])
Run 65, optimisation toward goal: 
TARGET =tensor([ 0.0657,  0.0828, -0.1102])
reached= tensor([ 0.0803,  0.0999, -0.0625])
Run 66, optimisation toward goal: 
TARGET =tensor([ 0.0642,  0.1548, -0.1137])
reached= tensor([10.,  0.,  0.])
Run 67, optimisation toward goal: 
TARGET =tensor([ 0.0647,  0.0724, -0.1058])
reached= tensor([10.,  0.,  0.])
Run 68, optimisation toward goal: 
TARGET =tensor([ 0.0687,  0.0894, -0.1181])
reached= tensor([0.0976, 0.0079, 0.2209])
Run 69, optimisation toward goal: 
TARGET =tensor([ 0.0633,  0.1489, -0.0924])
reached= tensor([ 0.0824,  0.1301, -0.0501])
Run 70, optimisation toward goal: 
TARGET =tensor([ 0.0673,  0.0708, -0.1126])
reached= tensor([ 0.0829,  0.0614, -0.0538])
Run 71, optimisation toward goal: 
TARGET =tensor([ 0.0623, -0.0357, -0.1039])
reached= tensor([10.,  0.,  0.])
Run 72, optimisation toward goal: 
TARGET =tensor([ 0.0657,  0.0912, -0.1608])
reached= tensor([ 0.0859,  0.0743, -0.0623])
Run 73, optimisation toward goal: 
TARGET =tensor([ 0.0685,  0.1458, -0.1048])
reached= tensor([ 0.0804,  0.1435, -0.0507])
Run 74, optimisation toward goal: 
TARGET =tensor([ 0.0654,  0.0585, -0.1202])
reached= tensor([10.,  0.,  0.])
Run 75, optimisation toward goal: 
TARGET =tensor([ 0.0625,  0.0939, -0.1072])
reached= tensor([10.,  0.,  0.])
Run 76, optimisation toward goal: 
TARGET =tensor([ 0.0631,  0.1532, -0.0972])
reached= tensor([10.,  0.,  0.])
Run 77, optimisation toward goal: 
TARGET =tensor([ 0.0671,  0.1975, -0.0470])
reached= tensor([10.,  0.,  0.])
Run 78, optimisation toward goal: 
TARGET =tensor([ 0.0632,  0.1182, -0.1094])
reached= tensor([10.,  0.,  0.])
Run 79, optimisation toward goal: 
TARGET =tensor([ 0.0662,  0.1392, -0.1203])
reached= tensor([10.,  0.,  0.])
Run 80, optimisation toward goal: 
TARGET =tensor([ 0.0654,  0.0308, -0.1516])
reached= tensor([10.,  0.,  0.])
Run 81, optimisation toward goal: 
TARGET =tensor([ 0.0690,  0.1644, -0.1116])
reached= tensor([10.,  0.,  0.])
Run 82, optimisation toward goal: 
TARGET =tensor([ 0.0621,  0.0862, -0.1152])
reached= tensor([ 0.0851,  0.0760, -0.0619])
Run 83, optimisation toward goal: 
TARGET =tensor([ 0.0659,  0.1097, -0.1187])
reached= tensor([10.,  0.,  0.])
Run 84, optimisation toward goal: 
TARGET =tensor([ 0.0656, -0.0594, -0.0326])
reached= tensor([ 0.0885, -0.0036,  0.2435])
Run 85, optimisation toward goal: 
TARGET =tensor([ 0.0627,  0.0659, -0.1526])
reached= tensor([ 0.0868,  0.0113, -0.0759])
Run 86, optimisation toward goal: 
TARGET =tensor([ 0.0665,  0.0300, -0.1214])
reached= tensor([10.,  0.,  0.])
Run 87, optimisation toward goal: 
TARGET =tensor([ 0.0661,  0.0279, -0.1349])
reached= tensor([10.,  0.,  0.])
Run 88, optimisation toward goal: 
TARGET =tensor([ 0.0655,  0.1809, -0.1169])
reached= tensor([ 0.0806,  0.1723, -0.0574])
Run 89, optimisation toward goal: 
TARGET =tensor([ 0.0625, -0.0404, -0.1221])
reached= tensor([10.,  0.,  0.])
Run 90, optimisation toward goal: 
TARGET =tensor([ 0.0645,  0.0488, -0.1147])
reached= tensor([ 0.0802,  0.0387, -0.0801])
Run 91, optimisation toward goal: 
TARGET =tensor([ 0.0674,  0.0490, -0.1299])
reached= tensor([ 0.0937, -0.0020,  0.2485])
Run 92, optimisation toward goal: 
TARGET =tensor([ 0.0675,  0.0347, -0.1224])
reached= tensor([ 0.0874,  0.0520, -0.0399])
Run 93, optimisation toward goal: 
TARGET =tensor([ 0.0642, -0.0161, -0.1355])
reached= tensor([10.,  0.,  0.])
Run 94, optimisation toward goal: 
TARGET =tensor([ 0.0664,  0.0537, -0.1195])
reached= tensor([10.,  0.,  0.])
Run 95, optimisation toward goal: 
TARGET =tensor([ 0.0630,  0.0593, -0.1712])
reached= tensor([ 0.0815,  0.0529, -0.0886])
Run 96, optimisation toward goal: 
TARGET =tensor([ 0.0617,  0.0918, -0.1238])
reached= tensor([ 0.0850,  0.1047, -0.0711])
Run 97, optimisation toward goal: 
TARGET =tensor([ 0.0622,  0.0590, -0.1461])
reached= tensor([10.,  0.,  0.])
Run 98, optimisation toward goal: 
TARGET =tensor([ 0.0665,  0.0362, -0.1471])
reached= tensor([ 0.0864,  0.0492, -0.0941])
Run 99, optimisation toward goal: 
TARGET =tensor([ 0.0653,  0.0742, -0.1282])
reached= tensor([ 0.0865,  0.0555, -0.0860])
Run 100, optimisation toward goal: 
TARGET =tensor([ 0.0656, -0.0147, -0.1589])
reached= tensor([ 0.0794, -0.0220, -0.0998])
Run 101, optimisation toward goal: 
TARGET =tensor([ 0.0668,  0.0263, -0.1573])
reached= tensor([0.0936, 0.0008, 0.2026])
Run 102, optimisation toward goal: 
TARGET =tensor([ 0.0695,  0.0186, -0.1447])
reached= tensor([10.,  0.,  0.])
Run 103, optimisation toward goal: 
TARGET =tensor([ 0.0618,  0.0351, -0.1402])
reached= tensor([10.,  0.,  0.])
Run 104, optimisation toward goal: 
TARGET =tensor([ 0.0650,  0.0700, -0.1794])
reached= tensor([ 0.0835,  0.0598, -0.1004])
Run 105, optimisation toward goal: 
TARGET =tensor([ 0.0657,  0.0464, -0.1540])
reached= tensor([ 0.0922, -0.0019,  0.2325])
Run 106, optimisation toward goal: 
TARGET =tensor([ 0.0682, -0.0381, -0.1796])
reached= tensor([ 0.0861, -0.0382, -0.0820])
Run 107, optimisation toward goal: 
TARGET =tensor([ 0.0626,  0.1045, -0.1245])
reached= tensor([ 0.0821,  0.0956, -0.0688])
Run 108, optimisation toward goal: 
TARGET =tensor([ 0.0687,  0.0996, -0.1345])
reached= tensor([ 0.0841,  0.1223, -0.0556])
Run 109, optimisation toward goal: 
TARGET =tensor([ 0.0625,  0.0615, -0.1547])
reached= tensor([ 0.0860,  0.0105, -0.1005])
Run 110, optimisation toward goal: 
TARGET =tensor([ 0.0613,  0.0281, -0.1596])
reached= tensor([ 0.0786,  0.0135, -0.0885])
Run 111, optimisation toward goal: 
TARGET =tensor([ 0.0657,  0.0393, -0.1580])
reached= tensor([ 0.0950,  0.0633, -0.0498])
Run 112, optimisation toward goal: 
TARGET =tensor([ 0.0690,  0.1816, -0.1544])
reached= tensor([ 0.0986, -0.0024,  0.2461])
Run 113, optimisation toward goal: 
TARGET =tensor([ 0.0618, -0.0721, -0.1656])
reached= tensor([ 0.0908, -0.0029,  0.2252])
Run 114, optimisation toward goal: 
TARGET =tensor([ 0.0657,  0.1775, -0.1103])
reached= tensor([10.,  0.,  0.])
Run 115, optimisation toward goal: 
TARGET =tensor([ 0.0673, -0.0253, -0.1558])
reached= tensor([ 0.0884, -0.0755,  0.1321])
Run 116, optimisation toward goal: 
TARGET =tensor([ 0.0619, -0.0103, -0.1573])
reached= tensor([ 0.0803, -0.0165, -0.1084])
Run 117, optimisation toward goal: 
TARGET =tensor([ 0.0656,  0.1552, -0.1507])
reached= tensor([ 0.1172, -0.0125,  0.2643])
Run 118, optimisation toward goal: 
TARGET =tensor([ 0.0674, -0.0559, -0.1672])
reached= tensor([10.,  0.,  0.])
Run 119, optimisation toward goal: 
TARGET =tensor([ 0.0634, -0.0351, -0.1458])
reached= tensor([ 0.0904, -0.0215, -0.0764])
Run 120, optimisation toward goal: 
TARGET =tensor([ 0.0649, -0.0420, -0.1703])
reached= tensor([ 0.0806, -0.0259, -0.0976])
Run 121, optimisation toward goal: 
TARGET =tensor([ 0.0646, -0.0178, -0.1602])
reached= tensor([ 0.0818,  0.0159, -0.1052])
Run 122, optimisation toward goal: 
TARGET =tensor([ 0.0634,  0.2042, -0.1267])
reached= tensor([ 0.0872,  0.1837, -0.0238])
Run 123, optimisation toward goal: 
TARGET =tensor([ 0.0657, -0.0537, -0.1555])
reached= tensor([ 0.0812, -0.0476, -0.0859])
Run 124, optimisation toward goal: 
TARGET =tensor([ 0.0663,  0.0919, -0.1677])
reached= tensor([10.,  0.,  0.])
Run 125, optimisation toward goal: 
TARGET =tensor([ 0.0621,  0.2057, -0.1186])
reached= tensor([ 0.0799,  0.2005, -0.0742])
Run 126, optimisation toward goal: 
TARGET =tensor([ 0.0668, -0.0645, -0.1651])
reached= tensor([10.,  0.,  0.])
Run 127, optimisation toward goal: 
TARGET =tensor([ 0.0628,  0.1101, -0.1732])
reached= tensor([10.,  0.,  0.])
Run 128, optimisation toward goal: 
TARGET =tensor([ 0.0667, -0.0572, -0.1477])
reached= tensor([10.,  0.,  0.])
Run 129, optimisation toward goal: 
TARGET =tensor([ 0.0664, -0.1231, -0.1220])
reached= tensor([ 0.0810, -0.0657, -0.0636])
Run 130, optimisation toward goal: 
TARGET =tensor([ 0.0650,  0.0316, -0.1630])
reached= tensor([ 0.0806,  0.0328, -0.1015])
Run 131, optimisation toward goal: 
TARGET =tensor([ 0.0666, -0.0531, -0.1748])
reached= tensor([ 0.0888, -0.0390, -0.1109])
Run 132, optimisation toward goal: 
TARGET =tensor([ 0.0650, -0.0559, -0.1559])
reached= tensor([ 0.1029, -0.0018,  0.1291])
Run 133, optimisation toward goal: 
TARGET =tensor([ 0.0645,  0.1850, -0.1678])
reached= tensor([0.1130, 0.0042, 0.2534])
Run 134, optimisation toward goal: 
TARGET =tensor([ 0.0630, -0.0200, -0.1757])
reached= tensor([ 0.0895,  0.0047, -0.1058])
Run 135, optimisation toward goal: 
TARGET =tensor([ 0.0645, -0.0171, -0.1631])
reached= tensor([ 0.0797, -0.0253, -0.1008])
Run 136, optimisation toward goal: 
TARGET =tensor([ 0.0623,  0.0909, -0.1672])
reached= tensor([0.0824, 0.1898, 0.3531])
Run 137, optimisation toward goal: 
TARGET =tensor([ 0.0651, -0.0910, -0.1446])
reached= tensor([10.,  0.,  0.])
Run 138, optimisation toward goal: 
TARGET =tensor([ 0.0644, -0.0404, -0.1955])
reached= tensor([ 0.0864, -0.0564, -0.1252])
Run 139, optimisation toward goal: 
TARGET =tensor([ 0.0653, -0.0241, -0.1782])
reached= tensor([10.,  0.,  0.])
Run 140, optimisation toward goal: 
TARGET =tensor([ 0.0626,  0.2180, -0.0897])
reached= tensor([ 0.0809,  0.1986, -0.0444])
Run 141, optimisation toward goal: 
TARGET =tensor([ 0.0679, -0.1130, -0.1716])
reached= tensor([ 0.2128, -0.0523,  0.1280])
Run 142, optimisation toward goal: 
TARGET =tensor([ 0.0648,  0.1905, -0.1501])
reached= tensor([10.,  0.,  0.])
Run 143, optimisation toward goal: 
TARGET =tensor([ 0.0615, -0.0339, -0.1887])
reached= tensor([ 0.0876, -0.0486, -0.1086])
Run 144, optimisation toward goal: 
TARGET =tensor([ 0.0629, -0.1076, -0.1547])
reached= tensor([10.,  0.,  0.])
Run 145, optimisation toward goal: 
TARGET =tensor([ 0.0650, -0.0366, -0.1825])
reached= tensor([ 0.0795, -0.0262, -0.1445])
Run 146, optimisation toward goal: 
TARGET =tensor([ 0.0682, -0.1077, -0.2034])
reached= tensor([10.,  0.,  0.])
Run 147, optimisation toward goal: 
TARGET =tensor([ 0.0644,  0.1528, -0.1362])
reached= tensor([10.,  0.,  0.])
Run 148, optimisation toward goal: 
TARGET =tensor([ 0.0679, -0.0535, -0.1707])
reached= tensor([ 0.0821, -0.0344, -0.0967])
Run 149, optimisation toward goal: 
TARGET =tensor([ 0.0631, -0.0840, -0.1752])
reached= tensor([10.,  0.,  0.])
Run 150, optimisation toward goal: 
TARGET =tensor([ 0.0634, -0.0048, -0.1695])
reached= tensor([ 0.0782, -0.0080, -0.1213])
Run 151, optimisation toward goal: 
TARGET =tensor([ 0.0661, -0.0522, -0.1831])
reached= tensor([10.,  0.,  0.])
Run 152, optimisation toward goal: 
TARGET =tensor([ 0.0640, -0.0148, -0.2034])
reached= tensor([10.,  0.,  0.])
Run 153, optimisation toward goal: 
TARGET =tensor([ 0.0658,  0.2167, -0.0131])
reached= tensor([ 0.0812,  0.1764, -0.0197])
Run 154, optimisation toward goal: 
TARGET =tensor([ 0.0638, -0.0654, -0.1761])
reached= tensor([ 0.0855, -0.0642, -0.1034])
Run 155, optimisation toward goal: 
TARGET =tensor([ 0.0646, -0.0768, -0.2098])
reached= tensor([ 0.0818, -0.0621, -0.1546])
Run 156, optimisation toward goal: 
TARGET =tensor([ 0.0648, -0.0640, -0.2058])
reached= tensor([10.,  0.,  0.])
Run 157, optimisation toward goal: 
TARGET =tensor([ 0.0658, -0.0552, -0.2055])
reached= tensor([ 0.0757, -0.0040,  0.2478])
Run 158, optimisation toward goal: 
TARGET =tensor([ 0.0632,  0.0291, -0.1969])
reached= tensor([10.,  0.,  0.])
Run 159, optimisation toward goal: 
TARGET =tensor([ 0.0669, -0.0504, -0.2271])
reached= tensor([10.,  0.,  0.])
best achiever is run : tensor(155)
goal achieved by the best achiever :tensor([ 0.0818, -0.0621, -0.1546])
Write status file ...
Finished.
