Run the experiment ...
REP v_01 source code
seed(repetition id): 6
NEW TRY OF INIT
Exploration: 
Run 42, optimisation toward goal: 
TARGET =tensor([ 0.0711, -0.1208, -0.3321])
reached= tensor([10.,  0.,  0.])
Run 43, optimisation toward goal: 
TARGET =tensor([0.0660, 0.0515, 0.0692])
reached= tensor([10.,  0.,  0.])
Run 44, optimisation toward goal: 
TARGET =tensor([ 0.0638, -0.1734, -0.2052])
reached= tensor([10.,  0.,  0.])
Run 45, optimisation toward goal: 
TARGET =tensor([0.0661, 0.0902, 0.1253])
reached= tensor([10.,  0.,  0.])
Run 46, optimisation toward goal: 
TARGET =tensor([ 0.0649, -0.0631, -0.0509])
reached= tensor([10.,  0.,  0.])
Run 47, optimisation toward goal: 
TARGET =tensor([ 0.0657, -0.0397, -0.0894])
reached= tensor([10.,  0.,  0.])
Run 48, optimisation toward goal: 
TARGET =tensor([0.0640, 0.1713, 0.2854])
reached= tensor([ 0.0776, -0.0242,  0.2567])
Run 49, optimisation toward goal: 
TARGET =tensor([ 0.0652, -0.1559,  0.0189])
reached= tensor([10.,  0.,  0.])
Run 50, optimisation toward goal: 
TARGET =tensor([ 0.0664, -0.1803,  0.2580])
reached= tensor([ 0.0631, -0.1877,  0.2530])
Run 51, optimisation toward goal: 
TARGET =tensor([ 0.0677, -0.1332,  0.2325])
reached= tensor([ 0.0706, -0.1433,  0.2199])
Run 52, optimisation toward goal: 
TARGET =tensor([ 0.0642, -0.0893,  0.2881])
reached= tensor([ 0.0720, -0.0978,  0.2791])
Run 53, optimisation toward goal: 
TARGET =tensor([0.0661, 0.0826, 0.3001])
reached= tensor([10.,  0.,  0.])
Run 54, optimisation toward goal: 
TARGET =tensor([ 0.0660, -0.1102,  0.3425])
reached= tensor([ 0.0956, -0.0459,  0.2879])
Run 55, optimisation toward goal: 
TARGET =tensor([ 0.0639, -0.1726,  0.3035])
reached= tensor([ 0.0626, -0.1776,  0.3062])
Run 56, optimisation toward goal: 
TARGET =tensor([ 0.0636, -0.1552,  0.0270])
reached= tensor([ 0.0733, -0.1199,  0.0999])
Run 57, optimisation toward goal: 
TARGET =tensor([0.0653, 0.0601, 0.2647])
reached= tensor([10.,  0.,  0.])
Run 58, optimisation toward goal: 
TARGET =tensor([ 0.0673,  0.1337, -0.0394])
reached= tensor([10.,  0.,  0.])
Run 59, optimisation toward goal: 
TARGET =tensor([ 0.0668, -0.0726,  0.1770])
reached= tensor([ 0.0710, -0.0753,  0.1669])
Run 60, optimisation toward goal: 
TARGET =tensor([ 0.0660,  0.0192, -0.2842])
reached= tensor([10.,  0.,  0.])
Run 61, optimisation toward goal: 
TARGET =tensor([ 0.0670,  0.0743, -0.3108])
reached= tensor([ 0.0852, -0.1172,  0.2213])
Run 62, optimisation toward goal: 
TARGET =tensor([ 0.0674, -0.1003, -0.0028])
reached= tensor([ 0.0730, -0.0789,  0.0651])
Run 63, optimisation toward goal: 
TARGET =tensor([ 0.0649,  0.0146, -0.3266])
reached= tensor([ 0.0893, -0.0429,  0.2664])
Run 64, optimisation toward goal: 
TARGET =tensor([ 0.0637, -0.2095, -0.1642])
reached= tensor([10.,  0.,  0.])
Run 65, optimisation toward goal: 
TARGET =tensor([ 0.0631, -0.2004,  0.3370])
reached= tensor([ 0.0666, -0.2060,  0.3390])
Run 66, optimisation toward goal: 
TARGET =tensor([ 0.0669, -0.1348, -0.1271])
reached= tensor([10.,  0.,  0.])
Run 67, optimisation toward goal: 
TARGET =tensor([0.0669, 0.0876, 0.3274])
reached= tensor([ 0.1324, -0.0133,  0.2800])
Run 68, optimisation toward goal: 
TARGET =tensor([0.0629, 0.1635, 0.2568])
reached= tensor([ 0.0822, -0.0144,  0.2676])
Run 69, optimisation toward goal: 
TARGET =tensor([ 0.0635, -0.1645,  0.1810])
reached= tensor([10.,  0.,  0.])
Run 70, optimisation toward goal: 
TARGET =tensor([ 0.0646,  0.1361, -0.0665])
reached= tensor([10.,  0.,  0.])
Run 71, optimisation toward goal: 
TARGET =tensor([ 0.0674, -0.1488, -0.3411])
reached= tensor([10.,  0.,  0.])
Run 72, optimisation toward goal: 
TARGET =tensor([ 0.0605,  0.1659, -0.3391])
reached= tensor([ 0.0892, -0.0742,  0.2235])
Run 73, optimisation toward goal: 
TARGET =tensor([0.0622, 0.0336, 0.1219])
reached= tensor([0.0718, 0.0125, 0.1515])
Run 74, optimisation toward goal: 
TARGET =tensor([ 0.0693, -0.0474, -0.0401])
reached= tensor([ 0.0729, -0.0086,  0.0644])
Run 75, optimisation toward goal: 
TARGET =tensor([ 0.0674, -0.1894,  0.3213])
reached= tensor([ 0.0657, -0.1946,  0.3232])
Run 76, optimisation toward goal: 
TARGET =tensor([ 0.0639,  0.1667, -0.0537])
reached= tensor([ 0.0862, -0.0455,  0.2637])
Run 77, optimisation toward goal: 
TARGET =tensor([ 0.0624,  0.1232, -0.0939])
reached= tensor([10.,  0.,  0.])
Run 78, optimisation toward goal: 
TARGET =tensor([0.0654, 0.0445, 0.0357])
reached= tensor([0.0721, 0.0404, 0.0661])
Run 79, optimisation toward goal: 
TARGET =tensor([ 0.0659,  0.1134, -0.1628])
reached= tensor([10.,  0.,  0.])
Run 80, optimisation toward goal: 
TARGET =tensor([ 0.0644, -0.0250,  0.1131])
reached= tensor([ 0.0676, -0.0226,  0.1073])
Run 81, optimisation toward goal: 
TARGET =tensor([ 0.0632,  0.0818, -0.1370])
reached= tensor([10.,  0.,  0.])
Run 82, optimisation toward goal: 
TARGET =tensor([0.0660, 0.1705, 0.1716])
reached= tensor([0.0742, 0.0918, 0.2106])
Run 83, optimisation toward goal: 
TARGET =tensor([0.0612, 0.1285, 0.2613])
reached= tensor([0.0771, 0.1078, 0.2351])
Run 84, optimisation toward goal: 
TARGET =tensor([ 0.0642, -0.2083, -0.0299])
reached= tensor([ 0.0755, -0.1212,  0.1258])
Run 85, optimisation toward goal: 
TARGET =tensor([0.0661, 0.0037, 0.2190])
reached= tensor([0.0561, 0.0064, 0.2118])
Run 86, optimisation toward goal: 
TARGET =tensor([ 0.0652, -0.0299,  0.3121])
reached= tensor([10.,  0.,  0.])
Run 87, optimisation toward goal: 
TARGET =tensor([ 0.0625,  0.0905, -0.0436])
reached= tensor([0.0728, 0.0524, 0.0476])
Run 88, optimisation toward goal: 
TARGET =tensor([0.0674, 0.0609, 0.2589])
reached= tensor([0.0642, 0.0617, 0.2636])
Run 89, optimisation toward goal: 
TARGET =tensor([ 0.0625, -0.1781, -0.3129])
reached= tensor([ 0.0840, -0.1067,  0.2125])
Run 90, optimisation toward goal: 
TARGET =tensor([ 0.0658, -0.1369, -0.3241])
reached= tensor([10.,  0.,  0.])
Run 91, optimisation toward goal: 
TARGET =tensor([ 0.0617, -0.1305,  0.2586])
reached= tensor([ 0.0720, -0.1341,  0.2586])
Run 92, optimisation toward goal: 
TARGET =tensor([ 0.0656,  0.0731, -0.1488])
reached= tensor([10.,  0.,  0.])
Run 93, optimisation toward goal: 
TARGET =tensor([0.0659, 0.0425, 0.0394])
reached= tensor([0.0693, 0.0167, 0.0860])
Run 94, optimisation toward goal: 
TARGET =tensor([ 0.0656, -0.1895,  0.1368])
reached= tensor([ 0.0684, -0.1936,  0.1336])
Run 95, optimisation toward goal: 
TARGET =tensor([ 0.0672, -0.0433, -0.2044])
reached= tensor([ 0.2622, -0.0798,  0.2160])
Run 96, optimisation toward goal: 
TARGET =tensor([0.0618, 0.1813, 0.0269])
reached= tensor([0.0741, 0.1314, 0.0920])
Run 97, optimisation toward goal: 
TARGET =tensor([ 0.0664, -0.1774,  0.3219])
reached= tensor([ 0.0631, -0.1857,  0.3208])
Run 98, optimisation toward goal: 
TARGET =tensor([ 0.0625, -0.2012,  0.1705])
reached= tensor([ 0.0710, -0.2021,  0.1674])
Run 99, optimisation toward goal: 
TARGET =tensor([ 0.0688, -0.0764, -0.0926])
reached= tensor([10.,  0.,  0.])
Run 100, optimisation toward goal: 
TARGET =tensor([0.0632, 0.1106, 0.1266])
reached= tensor([0.0667, 0.1159, 0.1297])
Run 101, optimisation toward goal: 
TARGET =tensor([ 0.0648, -0.0359, -0.0350])
reached= tensor([0.0832, 0.0877, 0.2339])
Run 102, optimisation toward goal: 
TARGET =tensor([ 0.0632,  0.1472, -0.0637])
reached= tensor([ 0.0921, -0.0513,  0.2111])
Run 103, optimisation toward goal: 
TARGET =tensor([ 0.0656, -0.0500,  0.3065])
reached= tensor([ 0.0846, -0.0439,  0.3007])
Run 104, optimisation toward goal: 
TARGET =tensor([ 0.0622,  0.0052, -0.0732])
reached= tensor([ 0.0924, -0.0443,  0.2556])
Run 105, optimisation toward goal: 
TARGET =tensor([ 0.0646, -0.1580, -0.0348])
reached= tensor([ 0.0732, -0.1538, -0.0164])
Run 106, optimisation toward goal: 
TARGET =tensor([0.0653, 0.0670, 0.2930])
reached= tensor([0.0673, 0.0645, 0.2967])
Run 107, optimisation toward goal: 
TARGET =tensor([0.0635, 0.0660, 0.0026])
reached= tensor([10.,  0.,  0.])
Run 108, optimisation toward goal: 
TARGET =tensor([ 0.0663, -0.0327, -0.1770])
reached= tensor([ 0.0864, -0.0638,  0.2104])
Run 109, optimisation toward goal: 
TARGET =tensor([ 0.0659, -0.0184, -0.2755])
reached= tensor([ 0.0889, -0.0413,  0.2541])
Run 110, optimisation toward goal: 
TARGET =tensor([ 0.0649,  0.1338, -0.1761])
reached= tensor([10.,  0.,  0.])
Run 111, optimisation toward goal: 
TARGET =tensor([0.0661, 0.1028, 0.0473])
reached= tensor([0.0706, 0.0843, 0.0609])
Run 112, optimisation toward goal: 
TARGET =tensor([ 0.0628, -0.1846,  0.1103])
reached= tensor([ 0.0688, -0.1923,  0.1110])
Run 113, optimisation toward goal: 
TARGET =tensor([ 0.0644, -0.1062, -0.1294])
reached= tensor([ 0.0757, -0.1290, -0.0158])
Run 114, optimisation toward goal: 
TARGET =tensor([0.0650, 0.1559, 0.0061])
reached= tensor([0.0754, 0.1190, 0.0458])
Run 115, optimisation toward goal: 
TARGET =tensor([ 0.0625, -0.2015, -0.2656])
reached= tensor([ 0.0927, -0.0399,  0.2571])
Run 116, optimisation toward goal: 
TARGET =tensor([ 0.0653, -0.1255, -0.1485])
reached= tensor([10.,  0.,  0.])
Run 117, optimisation toward goal: 
TARGET =tensor([ 0.0633, -0.1883, -0.1494])
reached= tensor([ 0.0894, -0.0348,  0.2640])
Run 118, optimisation toward goal: 
TARGET =tensor([0.0653, 0.1388, 0.1947])
reached= tensor([10.,  0.,  0.])
Run 119, optimisation toward goal: 
TARGET =tensor([ 0.0669,  0.0013, -0.2303])
reached= tensor([ 0.0890, -0.0634,  0.2114])
Run 120, optimisation toward goal: 
TARGET =tensor([0.0651, 0.0670, 0.3365])
reached= tensor([0.0666, 0.0669, 0.3376])
Run 121, optimisation toward goal: 
TARGET =tensor([ 0.0675,  0.1010, -0.1374])
reached= tensor([0.0760, 0.1494, 0.1735])
Run 122, optimisation toward goal: 
TARGET =tensor([ 0.0654, -0.1248, -0.2189])
reached= tensor([ 0.0761, -0.1276, -0.0058])
Run 123, optimisation toward goal: 
TARGET =tensor([ 0.0660,  0.2011, -0.1460])
reached= tensor([0.0753, 0.0198, 0.0484])
Run 124, optimisation toward goal: 
TARGET =tensor([ 0.0658,  0.2255, -0.1813])
reached= tensor([10.,  0.,  0.])
Run 125, optimisation toward goal: 
TARGET =tensor([ 0.0624, -0.1945,  0.2898])
reached= tensor([ 0.0610, -0.1985,  0.2900])
Run 126, optimisation toward goal: 
TARGET =tensor([ 0.0661, -0.0214, -0.0838])
reached= tensor([ 0.0794, -0.0700, -0.0199])
Run 127, optimisation toward goal: 
TARGET =tensor([0.0641, 0.1513, 0.1943])
reached= tensor([10.,  0.,  0.])
Run 128, optimisation toward goal: 
TARGET =tensor([0.0645, 0.1931, 0.2439])
reached= tensor([0.0771, 0.0638, 0.0530])
Run 129, optimisation toward goal: 
TARGET =tensor([ 0.0665, -0.1610,  0.1404])
reached= tensor([ 0.0681, -0.1666,  0.1355])
Run 130, optimisation toward goal: 
TARGET =tensor([ 0.0660, -0.1739,  0.3356])
reached= tensor([ 0.0605, -0.1779,  0.3377])
Run 131, optimisation toward goal: 
TARGET =tensor([0.0696, 0.2171, 0.3008])
reached= tensor([ 0.1383, -0.0243,  0.2734])
Run 132, optimisation toward goal: 
TARGET =tensor([ 0.0639, -0.0717,  0.1836])
reached= tensor([ 0.0707, -0.0754,  0.1792])
Run 133, optimisation toward goal: 
TARGET =tensor([ 0.0651, -0.1391, -0.1845])
reached= tensor([ 0.0751, -0.1175, -0.0623])
Run 134, optimisation toward goal: 
TARGET =tensor([ 0.0656,  0.1739, -0.3176])
reached= tensor([ 0.0918, -0.0425,  0.2735])
Run 135, optimisation toward goal: 
TARGET =tensor([ 0.0666, -0.1120, -0.2528])
reached= tensor([ 0.0775, -0.1442,  0.0948])
Run 136, optimisation toward goal: 
TARGET =tensor([ 0.0648, -0.0932, -0.3122])
reached= tensor([10.,  0.,  0.])
Run 137, optimisation toward goal: 
TARGET =tensor([ 0.0643, -0.1082,  0.2521])
reached= tensor([ 0.0720, -0.1126,  0.2539])
Run 138, optimisation toward goal: 
TARGET =tensor([ 0.0683, -0.1041, -0.0326])
reached= tensor([ 0.0853, -0.0456,  0.2436])
Run 139, optimisation toward goal: 
TARGET =tensor([0.0639, 0.1499, 0.1586])
reached= tensor([0.0730, 0.1548, 0.1669])
Run 140, optimisation toward goal: 
TARGET =tensor([ 0.0671, -0.0284, -0.0201])
reached= tensor([ 0.0722, -0.0292, -0.0139])
Run 141, optimisation toward goal: 
TARGET =tensor([ 0.0669,  0.0097, -0.1789])
reached= tensor([10.,  0.,  0.])
Run 142, optimisation toward goal: 
TARGET =tensor([ 0.0678,  0.1181, -0.1332])
reached= tensor([10.,  0.,  0.])
Run 143, optimisation toward goal: 
TARGET =tensor([ 6.7599e-02, -2.1682e-01,  1.9893e-04])
reached= tensor([ 0.0750, -0.2007,  0.0070])
Run 144, optimisation toward goal: 
TARGET =tensor([0.0674, 0.2020, 0.2975])
reached= tensor([0.0762, 0.1183, 0.2458])
Run 145, optimisation toward goal: 
TARGET =tensor([ 0.0613,  0.0544, -0.2895])
reached= tensor([10.,  0.,  0.])
Run 146, optimisation toward goal: 
TARGET =tensor([ 0.0632, -0.1027,  0.1736])
reached= tensor([ 0.0724, -0.1069,  0.1688])
Run 147, optimisation toward goal: 
TARGET =tensor([ 0.0679,  0.0533, -0.0972])
reached= tensor([ 0.0901, -0.0439,  0.2390])
Run 148, optimisation toward goal: 
TARGET =tensor([0.0646, 0.0518, 0.2747])
reached= tensor([0.0640, 0.0499, 0.2812])
Run 149, optimisation toward goal: 
TARGET =tensor([ 0.0654, -0.0546,  0.0554])
reached= tensor([ 0.0703, -0.0435,  0.0849])
Run 150, optimisation toward goal: 
TARGET =tensor([ 0.0676, -0.2169, -0.0221])
reached= tensor([ 0.0729, -0.2193, -0.0089])
Run 151, optimisation toward goal: 
TARGET =tensor([ 0.0629, -0.0123,  0.2471])
reached= tensor([10.,  0.,  0.])
Run 152, optimisation toward goal: 
TARGET =tensor([0.0650, 0.2275, 0.0832])
reached= tensor([10.,  0.,  0.])
Run 153, optimisation toward goal: 
TARGET =tensor([ 0.0638, -0.1208, -0.2010])
reached= tensor([ 0.0744, -0.1102, -0.0223])
Run 154, optimisation toward goal: 
TARGET =tensor([ 0.0670, -0.1779,  0.1210])
reached= tensor([ 0.0683, -0.1827,  0.1156])
Run 155, optimisation toward goal: 
TARGET =tensor([ 0.0659,  0.1002, -0.1754])
reached= tensor([10.,  0.,  0.])
Run 156, optimisation toward goal: 
TARGET =tensor([0.0644, 0.0365, 0.0307])
reached= tensor([0.0725, 0.0038, 0.0459])
Run 157, optimisation toward goal: 
TARGET =tensor([ 0.0658,  0.0515, -0.0346])
reached= tensor([ 0.0813, -0.0285,  0.1302])
Run 158, optimisation toward goal: 
TARGET =tensor([0.0671, 0.1067, 0.0052])
reached= tensor([0.0780, 0.0961, 0.0197])
nb_rollouts_explo = 0
nb_rollouts_grad = 3569
nb_rollouts_muta = 89
nb_rollouts_test = 1677
nb_rollouts_total = 5335
Run 159, optimisation toward goal: 
TARGET =tensor([0.0661, 0.1773, 0.1936])
reached= tensor([10.,  0.,  0.])
best achiever is run : tensor(133)
goal achieved by the best achiever :tensor([ 0.0751, -0.1175, -0.0623])
Write status file ...
Finished.
