Run the experiment ...
REP v_01 source code
seed(repetition id): 1
NEW TRY OF INIT
Exploration: 
Run 42, optimisation toward goal: 
TARGET =tensor([ 0.0652,  0.2100, -0.3034])
reached= tensor([10.,  0.,  0.])
Run 43, optimisation toward goal: 
TARGET =tensor([ 0.0652,  0.1793, -0.1377])
reached= tensor([10.,  0.,  0.])
Run 44, optimisation toward goal: 
TARGET =tensor([0.0643, 0.2281, 0.1060])
reached= tensor([10.,  0.,  0.])
Run 45, optimisation toward goal: 
TARGET =tensor([ 0.0631, -0.0753, -0.2561])
reached= tensor([ 0.1004, -0.0129,  0.2815])
Run 46, optimisation toward goal: 
TARGET =tensor([ 0.0642,  0.0738, -0.1086])
reached= tensor([10.,  0.,  0.])
Run 47, optimisation toward goal: 
TARGET =tensor([ 0.0649, -0.2182, -0.1771])
reached= tensor([ 0.0999, -0.0124,  0.2811])
Run 48, optimisation toward goal: 
TARGET =tensor([0.0619, 0.1489, 0.0065])
reached= tensor([ 0.1029, -0.0132,  0.2808])
Run 49, optimisation toward goal: 
TARGET =tensor([0.0668, 0.1894, 0.2922])
reached= tensor([ 0.1002, -0.0128,  0.2798])
Run 50, optimisation toward goal: 
TARGET =tensor([0.0638, 0.1545, 0.2279])
reached= tensor([10.,  0.,  0.])
Run 51, optimisation toward goal: 
TARGET =tensor([ 0.0655,  0.1977, -0.1655])
reached= tensor([ 0.1026, -0.0137,  0.2820])
Run 52, optimisation toward goal: 
TARGET =tensor([ 0.0649, -0.2070, -0.0869])
reached= tensor([ 0.1191, -0.0137,  0.2787])
Run 53, optimisation toward goal: 
TARGET =tensor([ 0.0652, -0.0584,  0.2428])
reached= tensor([ 0.0919, -0.0221,  0.2716])
Run 54, optimisation toward goal: 
TARGET =tensor([ 0.0642, -0.1816,  0.2720])
reached= tensor([ 0.1563, -0.0158,  0.2759])
Run 55, optimisation toward goal: 
TARGET =tensor([ 0.0654,  0.1366, -0.0902])
reached= tensor([10.,  0.,  0.])
Run 56, optimisation toward goal: 
TARGET =tensor([ 0.0677,  0.2135, -0.2556])
reached= tensor([ 0.0865, -0.0151,  0.2787])
Run 57, optimisation toward goal: 
TARGET =tensor([ 0.0665, -0.0678, -0.2235])
reached= tensor([10.,  0.,  0.])
Run 58, optimisation toward goal: 
TARGET =tensor([0.0639, 0.0419, 0.0917])
reached= tensor([10.,  0.,  0.])
Run 59, optimisation toward goal: 
TARGET =tensor([ 0.0671, -0.0354, -0.2835])
reached= tensor([10.,  0.,  0.])
Run 60, optimisation toward goal: 
TARGET =tensor([0.0621, 0.1869, 0.2598])
reached= tensor([10.,  0.,  0.])
Run 61, optimisation toward goal: 
TARGET =tensor([ 0.0671,  0.1826, -0.0854])
reached= tensor([10.,  0.,  0.])
Run 62, optimisation toward goal: 
TARGET =tensor([ 0.0681, -0.1391,  0.0566])
reached= tensor([ 0.0758, -0.0111,  0.2828])
Run 63, optimisation toward goal: 
TARGET =tensor([ 0.0663,  0.1581, -0.1673])
reached= tensor([10.,  0.,  0.])
Run 64, optimisation toward goal: 
TARGET =tensor([0.0628, 0.1074, 0.0556])
reached= tensor([ 0.0763, -0.0148,  0.2788])
Run 65, optimisation toward goal: 
TARGET =tensor([ 0.0665, -0.1053,  0.2020])
reached= tensor([ 0.1047, -0.0453,  0.2520])
Run 66, optimisation toward goal: 
TARGET =tensor([ 0.0630, -0.0082, -0.0706])
reached= tensor([ 0.1398, -0.0085,  0.2859])
Run 67, optimisation toward goal: 
TARGET =tensor([ 0.0615, -0.0959,  0.1455])
reached= tensor([ 0.1307, -0.0405,  0.2450])
Run 68, optimisation toward goal: 
TARGET =tensor([ 0.0634,  0.0489, -0.2154])
reached= tensor([ 0.0866, -0.0146,  0.2784])
Run 69, optimisation toward goal: 
TARGET =tensor([ 0.0667,  0.0853, -0.0218])
reached= tensor([0.0955, 0.0288, 0.3116])
Run 70, optimisation toward goal: 
TARGET =tensor([ 0.0637, -0.0658,  0.2677])
reached= tensor([ 0.0738, -0.0479,  0.2720])
Run 71, optimisation toward goal: 
TARGET =tensor([ 0.0681,  0.1865, -0.1267])
reached= tensor([0.0755, 0.0026, 0.2866])
Run 72, optimisation toward goal: 
TARGET =tensor([ 0.0640, -0.1174, -0.2908])
reached= tensor([10.,  0.,  0.])
Run 73, optimisation toward goal: 
TARGET =tensor([ 0.0650,  0.1936, -0.0973])
reached= tensor([ 0.1588, -0.0157,  0.2773])
Run 74, optimisation toward goal: 
TARGET =tensor([ 0.0649, -0.0374,  0.3320])
reached= tensor([ 0.0857, -0.0168,  0.2963])
Run 75, optimisation toward goal: 
TARGET =tensor([ 0.0637, -0.1217, -0.2037])
reached= tensor([10.,  0.,  0.])
Run 76, optimisation toward goal: 
TARGET =tensor([ 0.0673,  0.0402, -0.2710])
reached= tensor([0.0974, 0.0360, 0.3014])
Run 77, optimisation toward goal: 
TARGET =tensor([ 0.0646,  0.1149, -0.1884])
reached= tensor([0.0935, 0.0203, 0.2974])
Run 78, optimisation toward goal: 
TARGET =tensor([ 0.0622, -0.1221, -0.1071])
reached= tensor([10.,  0.,  0.])
Run 79, optimisation toward goal: 
TARGET =tensor([ 0.0659,  0.1225, -0.1738])
reached= tensor([10.,  0.,  0.])
Run 80, optimisation toward goal: 
TARGET =tensor([ 0.0665,  0.2073, -0.3132])
reached= tensor([10.,  0.,  0.])
Run 81, optimisation toward goal: 
TARGET =tensor([0.0659, 0.0853, 0.3388])
reached= tensor([10.,  0.,  0.])
Run 82, optimisation toward goal: 
TARGET =tensor([0.0668, 0.2221, 0.1614])
reached= tensor([10.,  0.,  0.])
Run 83, optimisation toward goal: 
TARGET =tensor([ 0.0654, -0.1001, -0.1161])
reached= tensor([0.0865, 0.0012, 0.2897])
Run 84, optimisation toward goal: 
TARGET =tensor([ 0.0619, -0.0734,  0.0328])
reached= tensor([ 0.1449, -0.0111,  0.2025])
Run 85, optimisation toward goal: 
TARGET =tensor([ 0.0675, -0.1213,  0.2066])
reached= tensor([ 0.1153, -0.0498,  0.2524])
Run 86, optimisation toward goal: 
TARGET =tensor([ 0.0638, -0.0240, -0.0293])
reached= tensor([ 0.0821, -0.0114,  0.2783])
Run 87, optimisation toward goal: 
TARGET =tensor([ 0.0665, -0.1382,  0.2879])
reached= tensor([ 0.1220, -0.0308,  0.2812])
Run 88, optimisation toward goal: 
TARGET =tensor([ 0.0675,  0.0387, -0.2244])
reached= tensor([10.,  0.,  0.])
Run 89, optimisation toward goal: 
TARGET =tensor([ 0.0679, -0.0078, -0.3228])
reached= tensor([0.0957, 0.0225, 0.3054])
Run 90, optimisation toward goal: 
TARGET =tensor([ 0.0646,  0.1126, -0.1359])
reached= tensor([10.,  0.,  0.])
Run 91, optimisation toward goal: 
TARGET =tensor([ 0.0636,  0.1733, -0.0389])
reached= tensor([10.,  0.,  0.])
Run 92, optimisation toward goal: 
TARGET =tensor([ 0.0681, -0.0299, -0.2367])
reached= tensor([10.,  0.,  0.])
Run 93, optimisation toward goal: 
TARGET =tensor([ 0.0655,  0.0716, -0.1146])
reached= tensor([0.0963, 0.0233, 0.3051])
Run 94, optimisation toward goal: 
TARGET =tensor([ 0.0664,  0.0907, -0.2911])
reached= tensor([ 0.0836, -0.0101,  0.2824])
Run 95, optimisation toward goal: 
TARGET =tensor([ 0.0652, -0.0730,  0.2346])
reached= tensor([ 0.0637, -0.0662,  0.2401])
Run 96, optimisation toward goal: 
TARGET =tensor([ 0.0657, -0.0852, -0.2751])
reached= tensor([ 0.0827, -0.0470,  0.2576])
Run 97, optimisation toward goal: 
TARGET =tensor([0.0650, 0.0297, 0.0294])
reached= tensor([ 0.0873, -0.0364,  0.2641])
Run 98, optimisation toward goal: 
TARGET =tensor([ 0.0604, -0.1338,  0.3094])
reached= tensor([ 0.1202, -0.0402,  0.2849])
Run 99, optimisation toward goal: 
TARGET =tensor([ 0.0644,  0.1852, -0.1923])
reached= tensor([ 0.0947, -0.0119,  0.2805])
Run 100, optimisation toward goal: 
TARGET =tensor([ 0.0654, -0.1369,  0.0885])
reached= tensor([ 0.0984, -0.0758,  0.2247])
Run 101, optimisation toward goal: 
TARGET =tensor([0.0626, 0.2005, 0.0896])
reached= tensor([0.0929, 0.0242, 0.3081])
Run 102, optimisation toward goal: 
TARGET =tensor([0.0671, 0.0593, 0.1436])
reached= tensor([10.,  0.,  0.])
Run 103, optimisation toward goal: 
TARGET =tensor([ 0.0651, -0.1917, -0.0584])
reached= tensor([0.0998, 0.0230, 0.3071])
Run 104, optimisation toward goal: 
TARGET =tensor([0.0634, 0.1165, 0.0146])
reached= tensor([ 0.0989, -0.0306,  0.2674])
Run 105, optimisation toward goal: 
TARGET =tensor([ 0.0669,  0.0057, -0.1032])
reached= tensor([ 0.1133, -0.0721,  0.2125])
Run 106, optimisation toward goal: 
TARGET =tensor([ 0.0675, -0.0580, -0.1631])
reached= tensor([ 0.1491, -0.0113,  0.2336])
Run 107, optimisation toward goal: 
TARGET =tensor([ 0.0632, -0.1488, -0.2529])
reached= tensor([ 0.0991, -0.0585,  0.2377])
Run 108, optimisation toward goal: 
TARGET =tensor([0.0682, 0.1130, 0.1798])
reached= tensor([10.,  0.,  0.])
Run 109, optimisation toward goal: 
TARGET =tensor([ 0.0680,  0.1574, -0.0614])
reached= tensor([0.1015, 0.0179, 0.2839])
Run 110, optimisation toward goal: 
TARGET =tensor([ 0.0627, -0.1256,  0.2552])
reached= tensor([ 0.0675, -0.1201,  0.2571])
Run 111, optimisation toward goal: 
TARGET =tensor([ 0.0652, -0.2008, -0.2925])
reached= tensor([0.1002, 0.0117, 0.2889])
Run 112, optimisation toward goal: 
TARGET =tensor([ 0.0668,  0.1426, -0.1730])
reached= tensor([0.1008, 0.0382, 0.3024])
Run 113, optimisation toward goal: 
TARGET =tensor([ 0.0643, -0.0371,  0.3470])
reached= tensor([10.,  0.,  0.])
Run 114, optimisation toward goal: 
TARGET =tensor([ 0.0671, -0.0257,  0.0889])
reached= tensor([ 0.1292, -0.0561,  0.2488])
Run 115, optimisation toward goal: 
TARGET =tensor([ 0.0668, -0.1478,  0.1406])
reached= tensor([ 0.1176, -0.0818,  0.2145])
Run 116, optimisation toward goal: 
TARGET =tensor([0.0680, 0.0427, 0.0998])
reached= tensor([0.1045, 0.0471, 0.2801])
Run 117, optimisation toward goal: 
TARGET =tensor([ 0.0643,  0.0728, -0.3014])
reached= tensor([ 0.2085, -0.0068,  0.0130])
Run 118, optimisation toward goal: 
TARGET =tensor([ 0.0646, -0.1804,  0.1208])
reached= tensor([10.,  0.,  0.])
Run 119, optimisation toward goal: 
TARGET =tensor([ 0.0644, -0.0683, -0.0061])
reached= tensor([ 0.1128, -0.0109,  0.2786])
Run 120, optimisation toward goal: 
TARGET =tensor([ 0.0663,  0.0889, -0.2042])
reached= tensor([ 0.1143, -0.0703,  0.2067])
Run 121, optimisation toward goal: 
TARGET =tensor([ 0.0633,  0.0743, -0.3404])
reached= tensor([ 0.1246, -0.0224,  0.2617])
Run 122, optimisation toward goal: 
TARGET =tensor([ 0.0644, -0.0176, -0.1827])
reached= tensor([ 0.0724, -0.0067,  0.2834])
Run 123, optimisation toward goal: 
TARGET =tensor([0.0621, 0.0741, 0.2312])
reached= tensor([0.0998, 0.0853, 0.2087])
Run 124, optimisation toward goal: 
TARGET =tensor([ 0.0633, -0.2141, -0.0152])
reached= tensor([10.,  0.,  0.])
Run 125, optimisation toward goal: 
TARGET =tensor([ 0.0699, -0.0748,  0.0350])
reached= tensor([ 0.1308, -0.0984,  0.1817])
Run 126, optimisation toward goal: 
TARGET =tensor([ 0.0659, -0.1802,  0.2483])
reached= tensor([10.,  0.,  0.])
Run 127, optimisation toward goal: 
TARGET =tensor([ 0.0657, -0.0538, -0.1793])
reached= tensor([ 0.0768, -0.0181,  0.2799])
Run 128, optimisation toward goal: 
TARGET =tensor([ 0.0691, -0.1717, -0.2613])
reached= tensor([ 0.0883, -0.0232,  0.2730])
Run 129, optimisation toward goal: 
TARGET =tensor([0.0646, 0.2048, 0.1968])
reached= tensor([ 0.1452, -0.0158,  0.2540])
Run 130, optimisation toward goal: 
TARGET =tensor([ 0.0634, -0.1663,  0.2952])
reached= tensor([ 0.0731, -0.1435,  0.2939])
Run 131, optimisation toward goal: 
TARGET =tensor([0.0643, 0.0224, 0.1118])
reached= tensor([0.1038, 0.0534, 0.1630])
Run 132, optimisation toward goal: 
TARGET =tensor([0.0664, 0.0364, 0.1954])
reached= tensor([10.,  0.,  0.])
Run 133, optimisation toward goal: 
TARGET =tensor([ 0.0613, -0.1558, -0.3222])
reached= tensor([10.,  0.,  0.])
Run 134, optimisation toward goal: 
TARGET =tensor([0.0645, 0.1196, 0.3303])
reached= tensor([0.0960, 0.0327, 0.2991])
Run 135, optimisation toward goal: 
TARGET =tensor([ 0.0669, -0.0377, -0.0499])
reached= tensor([10.,  0.,  0.])
Run 136, optimisation toward goal: 
TARGET =tensor([0.0667, 0.0084, 0.1939])
reached= tensor([ 0.1137, -0.0123,  0.2732])
Run 137, optimisation toward goal: 
TARGET =tensor([ 0.0677, -0.0798,  0.0371])
reached= tensor([10.,  0.,  0.])
Run 138, optimisation toward goal: 
TARGET =tensor([0.0635, 0.0507, 0.2338])
reached= tensor([0.1005, 0.0661, 0.2358])
Run 139, optimisation toward goal: 
TARGET =tensor([ 0.0637,  0.1843, -0.0435])
reached= tensor([0.0997, 0.1753, 0.2703])
Run 140, optimisation toward goal: 
TARGET =tensor([0.0680, 0.0029, 0.1805])
reached= tensor([10.,  0.,  0.])
Run 141, optimisation toward goal: 
TARGET =tensor([0.0664, 0.0896, 0.1980])
reached= tensor([10.,  0.,  0.])
Run 142, optimisation toward goal: 
TARGET =tensor([ 0.0627, -0.1312,  0.3388])
reached= tensor([ 0.1030, -0.0142,  0.2943])
Run 143, optimisation toward goal: 
TARGET =tensor([ 0.0638,  0.1960, -0.0099])
reached= tensor([10.,  0.,  0.])
Run 144, optimisation toward goal: 
TARGET =tensor([ 0.0643, -0.0520, -0.0032])
reached= tensor([0.1037, 0.0025, 0.3138])
Run 145, optimisation toward goal: 
TARGET =tensor([ 0.0636,  0.1878, -0.1620])
reached= tensor([10.,  0.,  0.])
Run 146, optimisation toward goal: 
TARGET =tensor([0.0629, 0.0869, 0.0520])
reached= tensor([10.,  0.,  0.])
Run 147, optimisation toward goal: 
TARGET =tensor([0.0631, 0.0621, 0.3173])
reached= tensor([0.0900, 0.0380, 0.3141])
Run 148, optimisation toward goal: 
TARGET =tensor([ 0.0665, -0.1062,  0.2013])
reached= tensor([ 0.1072, -0.0461,  0.2456])
Run 149, optimisation toward goal: 
TARGET =tensor([0.0638, 0.1901, 0.0218])
reached= tensor([10.,  0.,  0.])
Run 150, optimisation toward goal: 
TARGET =tensor([ 0.0691, -0.0100, -0.0593])
reached= tensor([10.,  0.,  0.])
Run 151, optimisation toward goal: 
TARGET =tensor([ 0.0652, -0.1220,  0.3335])
reached= tensor([10.,  0.,  0.])
Run 152, optimisation toward goal: 
TARGET =tensor([ 0.0629, -0.1523, -0.3276])
reached= tensor([10.,  0.,  0.])
Run 153, optimisation toward goal: 
TARGET =tensor([ 0.0641,  0.1646, -0.2186])
reached= tensor([10.,  0.,  0.])
Run 154, optimisation toward goal: 
TARGET =tensor([0.0667, 0.1088, 0.2416])
reached= tensor([0.1328, 0.0205, 0.2797])
Run 155, optimisation toward goal: 
TARGET =tensor([ 0.0674, -0.2141,  0.0263])
reached= tensor([10.,  0.,  0.])
Run 156, optimisation toward goal: 
TARGET =tensor([0.0654, 0.0871, 0.0062])
reached= tensor([10.,  0.,  0.])
Run 157, optimisation toward goal: 
TARGET =tensor([ 0.0627,  0.1644, -0.3470])
reached= tensor([10.,  0.,  0.])
Run 158, optimisation toward goal: 
TARGET =tensor([ 0.0654, -0.0069, -0.1244])
reached= tensor([10.,  0.,  0.])
nb_rollouts_explo = 0
nb_rollouts_grad = 3166
nb_rollouts_muta = 89
nb_rollouts_test = 1487
nb_rollouts_total = 4742
Run 159, optimisation toward goal: 
TARGET =tensor([0.0644, 0.0144, 0.2374])
reached= tensor([ 0.0822, -0.0011,  0.2707])
best achiever is run : tensor(131)
goal achieved by the best achiever :tensor([0.1038, 0.0534, 0.1630])
Write status file ...
Finished.
