Run the experiment ...
REP v_01 source code
seed(repetition id): 9
NEW TRY OF INIT
Exploration: 
40
NEW TRY OF INIT
Exploration: 
40
NEW TRY OF INIT
Exploration: 
40
NEW TRY OF INIT
Exploration: 
40
NEW TRY OF INIT
Exploration: 
40
NEW TRY OF INIT
Exploration: 
40
NEW TRY OF INIT
Exploration: 
40
NEW TRY OF INIT
Exploration: 
40
NEW TRY OF INIT
Exploration: 
40
NEW TRY OF INIT
Exploration: 
40
NEW TRY OF INIT
Exploration: 
40
NEW TRY OF INIT
Exploration: 
40
NEW TRY OF INIT
Exploration: 
40
NEW TRY OF INIT
Exploration: 
40
NEW TRY OF INIT
Exploration: 
40
NEW TRY OF INIT
Exploration: 
40
NEW TRY OF INIT
Exploration: 
40
NEW TRY OF INIT
Exploration: 
40
NEW TRY OF INIT
Exploration: 
40
NEW TRY OF INIT
Exploration: 
40
NEW TRY OF INIT
Exploration: 
40
NEW TRY OF INIT
Exploration: 
40
NEW TRY OF INIT
Exploration: 
40
NEW TRY OF INIT
Exploration: 
40
NEW TRY OF INIT
Exploration: 
40
NEW TRY OF INIT
Exploration: 
40
NEW TRY OF INIT
Exploration: 
40
NEW TRY OF INIT
Exploration: 
40
NEW TRY OF INIT
Exploration: 
40
NEW TRY OF INIT
Exploration: 
40
NEW TRY OF INIT
Exploration: 
40
NEW TRY OF INIT
Exploration: 
40
NEW TRY OF INIT
Exploration: 
40
NEW TRY OF INIT
Exploration: 
40
NEW TRY OF INIT
Exploration: 
40
NEW TRY OF INIT
Exploration: 
40
NEW TRY OF INIT
Exploration: 
40
NEW TRY OF INIT
Exploration: 
40
NEW TRY OF INIT
Exploration: 
40
NEW TRY OF INIT
Exploration: 
40
NEW TRY OF INIT
Exploration: 
40
NEW TRY OF INIT
Exploration: 
40
NEW TRY OF INIT
Exploration: 
40
NEW TRY OF INIT
Exploration: 
40
NEW TRY OF INIT
Exploration: 
40
NEW TRY OF INIT
Exploration: 
40
NEW TRY OF INIT
Exploration: 
40
NEW TRY OF INIT
Exploration: 
40
NEW TRY OF INIT
Exploration: 
40
NEW TRY OF INIT
Exploration: 
40
NEW TRY OF INIT
Exploration: 
40
NEW TRY OF INIT
Exploration: 
40
NEW TRY OF INIT
Exploration: 
40
NEW TRY OF INIT
Exploration: 
40
NEW TRY OF INIT
Exploration: 
40
NEW TRY OF INIT
Exploration: 
40
NEW TRY OF INIT
Exploration: 
40
NEW TRY OF INIT
Exploration: 
40
NEW TRY OF INIT
Exploration: 
40
NEW TRY OF INIT
Exploration: 
40
NEW TRY OF INIT
Exploration: 
40
NEW TRY OF INIT
Exploration: 
40
NEW TRY OF INIT
Exploration: 
40
NEW TRY OF INIT
Exploration: 
40
NEW TRY OF INIT
Exploration: 
40
NEW TRY OF INIT
Exploration: 
40
NEW TRY OF INIT
Exploration: 
40
NEW TRY OF INIT
Exploration: 
40
NEW TRY OF INIT
Exploration: 
40
Run 42, optimisation toward goal: 
TARGET =tensor([0.0650, 0.0000, 0.0700])
reached= tensor([ 0.0506, -0.0004,  0.0734])
Run 43, optimisation toward goal: 
TARGET =tensor([0.0650, 0.0000, 0.0100])
reached= tensor([ 0.0515, -0.0003,  0.0183])
Run 44, optimisation toward goal: 
TARGET =tensor([ 0.0650,  0.0000, -0.0500])
reached= tensor([ 0.0581,  0.0057, -0.0387])
Run 45, optimisation toward goal: 
TARGET =tensor([ 0.0650,  0.0000, -0.1100])
reached= tensor([ 0.0672, -0.0022, -0.0705])
Run 46, optimisation toward goal: 
TARGET =tensor([ 0.0650,  0.0000, -0.1700])
reached= tensor([ 0.0707,  0.0188, -0.1239])
Run 47, optimisation toward goal: 
TARGET =tensor([ 0.0650,  0.0000, -0.2300])
reached= tensor([ 0.0764,  0.0075, -0.1779])
Run 48, optimisation toward goal: 
TARGET =tensor([ 0.0661, -0.0381, -0.2060])
reached= tensor([ 0.0754, -0.0172, -0.1786])
Run 49, optimisation toward goal: 
TARGET =tensor([ 0.0681, -0.0463, -0.2355])
reached= tensor([0.0858, 0.0120, 0.2665])
Run 50, optimisation toward goal: 
TARGET =tensor([ 0.0643, -0.0590, -0.2201])
reached= tensor([ 0.0705, -0.0520, -0.1699])
Run 51, optimisation toward goal: 
TARGET =tensor([ 0.0621, -0.0575, -0.0145])
reached= tensor([ 0.0669, -0.0537,  0.0124])
Run 52, optimisation toward goal: 
TARGET =tensor([ 0.0651,  0.0208, -0.2372])
reached= tensor([ 0.0786, -0.0184, -0.1285])
Run 53, optimisation toward goal: 
TARGET =tensor([ 0.0679, -0.1122, -0.2292])
reached= tensor([10.,  0.,  0.])
Run 54, optimisation toward goal: 
TARGET =tensor([ 0.0653, -0.0116, -0.2190])
reached= tensor([ 0.0702, -0.0119, -0.1661])
Run 55, optimisation toward goal: 
TARGET =tensor([ 0.0613, -0.1221, -0.2240])
reached= tensor([ 0.0681, -0.1200, -0.1858])
Run 56, optimisation toward goal: 
TARGET =tensor([ 0.0656, -0.1187, -0.1846])
reached= tensor([ 0.0700, -0.1079, -0.1322])
Run 57, optimisation toward goal: 
TARGET =tensor([ 0.0652, -0.1433, -0.1473])
reached= tensor([ 0.0690, -0.1755, -0.1196])
Run 58, optimisation toward goal: 
TARGET =tensor([ 0.0619, -0.1307, -0.2785])
reached= tensor([ 0.0742, -0.1419, -0.1899])
Run 59, optimisation toward goal: 
TARGET =tensor([ 0.0650, -0.1548, -0.2326])
reached= tensor([ 0.0735, -0.1197, -0.1624])
Run 60, optimisation toward goal: 
TARGET =tensor([ 0.0619,  0.0324, -0.2541])
reached= tensor([ 0.0739,  0.0269, -0.2058])
Run 61, optimisation toward goal: 
TARGET =tensor([ 0.0652, -0.2114, -0.2266])
reached= tensor([ 0.0801, -0.1916, -0.1744])
Run 62, optimisation toward goal: 
TARGET =tensor([ 0.0658, -0.0257, -0.2330])
reached= tensor([10.,  0.,  0.])
Run 63, optimisation toward goal: 
TARGET =tensor([ 0.0642,  0.0657, -0.2809])
reached= tensor([ 0.0789,  0.0317, -0.2116])
Run 64, optimisation toward goal: 
TARGET =tensor([ 0.0673,  0.0527, -0.2319])
reached= tensor([ 0.0740,  0.0524, -0.1841])
Run 65, optimisation toward goal: 
TARGET =tensor([ 0.0648,  0.1070, -0.1620])
reached= tensor([ 0.0704,  0.1017, -0.1206])
Run 66, optimisation toward goal: 
TARGET =tensor([ 0.0640,  0.0755, -0.1611])
reached= tensor([ 0.0742,  0.0852, -0.1718])
Run 67, optimisation toward goal: 
TARGET =tensor([ 0.0636,  0.1028, -0.1951])
reached= tensor([ 0.0724,  0.1091, -0.1471])
Run 68, optimisation toward goal: 
TARGET =tensor([ 0.0650, -0.2116, -0.1628])
reached= tensor([ 0.0701, -0.1551, -0.1251])
Run 69, optimisation toward goal: 
TARGET =tensor([ 0.0650,  0.1182, -0.2492])
reached= tensor([ 0.0939, -0.0086,  0.2566])
Run 70, optimisation toward goal: 
TARGET =tensor([ 0.0664, -0.1980, -0.2543])
reached= tensor([ 0.0761, -0.1875, -0.2093])
Run 71, optimisation toward goal: 
TARGET =tensor([ 0.0692, -0.1741, -0.2522])
reached= tensor([ 0.0720, -0.1434, -0.1965])
Run 72, optimisation toward goal: 
TARGET =tensor([ 0.0637, -0.2133, -0.2358])
reached= tensor([ 0.0739, -0.2069, -0.1864])
Run 73, optimisation toward goal: 
TARGET =tensor([ 0.0660, -0.0766, -0.2492])
reached= tensor([10.,  0.,  0.])
Run 74, optimisation toward goal: 
TARGET =tensor([ 0.0630,  0.0170, -0.2408])
reached= tensor([0.0774, 0.0181, 0.0148])
Run 75, optimisation toward goal: 
TARGET =tensor([ 0.0636, -0.0469, -0.1074])
reached= tensor([ 0.0641, -0.0531, -0.0961])
Run 76, optimisation toward goal: 
TARGET =tensor([ 0.0636,  0.0628, -0.0249])
reached= tensor([0.0641, 0.0382, 0.0145])
Run 77, optimisation toward goal: 
TARGET =tensor([ 0.0651,  0.1828, -0.1635])
reached= tensor([ 0.0712,  0.1690, -0.1225])
Run 78, optimisation toward goal: 
TARGET =tensor([ 0.0658,  0.0795, -0.2431])
reached= tensor([ 0.0764,  0.0799, -0.1724])
Run 79, optimisation toward goal: 
TARGET =tensor([ 0.0655,  0.0781, -0.2670])
reached= tensor([ 0.0760,  0.0810, -0.2094])
Run 80, optimisation toward goal: 
TARGET =tensor([ 0.0645,  0.0678, -0.3008])
reached= tensor([ 0.0761,  0.0368, -0.2166])
Run 81, optimisation toward goal: 
TARGET =tensor([ 0.0677, -0.1466, -0.2651])
reached= tensor([ 0.0768, -0.1000, -0.1959])
Run 82, optimisation toward goal: 
TARGET =tensor([ 0.0665, -0.0932, -0.2422])
reached= tensor([ 0.0793, -0.1022, -0.1888])
Run 83, optimisation toward goal: 
TARGET =tensor([ 0.0672,  0.0453, -0.2905])
reached= tensor([ 0.0745,  0.0122, -0.1870])
Run 84, optimisation toward goal: 
TARGET =tensor([ 0.0700,  0.1217, -0.2359])
reached= tensor([ 0.0795,  0.1082, -0.1779])
Run 85, optimisation toward goal: 
TARGET =tensor([ 0.0649,  0.1757, -0.1894])
reached= tensor([ 0.0696,  0.1668, -0.1652])
Run 86, optimisation toward goal: 
TARGET =tensor([ 0.0667,  0.1281, -0.2217])
reached= tensor([ 0.0767,  0.0887, -0.1773])
Run 87, optimisation toward goal: 
TARGET =tensor([ 0.0639,  0.0818, -0.2443])
reached= tensor([0.0704, 0.1228, 0.1957])
Run 88, optimisation toward goal: 
TARGET =tensor([ 0.0647, -0.1456, -0.2625])
reached= tensor([ 0.0739, -0.1376, -0.2043])
Run 89, optimisation toward goal: 
TARGET =tensor([ 0.0666,  0.0838, -0.3043])
reached= tensor([ 0.0794,  0.0315, -0.2058])
Run 90, optimisation toward goal: 
TARGET =tensor([ 0.0668,  0.0710, -0.2706])
reached= tensor([ 0.0739,  0.0719, -0.1983])
Run 91, optimisation toward goal: 
TARGET =tensor([ 0.0640, -0.1345, -0.2652])
reached= tensor([ 0.0840, -0.0027,  0.0838])
Run 92, optimisation toward goal: 
TARGET =tensor([ 0.0631, -0.0919, -0.0942])
reached= tensor([ 0.0745, -0.0516, -0.0024])
Run 93, optimisation toward goal: 
TARGET =tensor([ 0.0651, -0.0153, -0.2521])
reached= tensor([ 0.0833, -0.0356, -0.2174])
Run 94, optimisation toward goal: 
TARGET =tensor([ 0.0651, -0.1033, -0.2576])
reached= tensor([ 0.0851, -0.1027,  0.1037])
Run 95, optimisation toward goal: 
TARGET =tensor([ 0.0646,  0.0881, -0.0177])
reached= tensor([ 0.0584,  0.0841, -0.0004])
Run 96, optimisation toward goal: 
TARGET =tensor([ 0.0627, -0.0546, -0.2703])
reached= tensor([ 0.1025, -0.0351,  0.2564])
Run 97, optimisation toward goal: 
TARGET =tensor([ 0.0638,  0.1488, -0.2200])
reached= tensor([ 0.0763,  0.1739, -0.1587])
Run 98, optimisation toward goal: 
TARGET =tensor([ 0.0661, -0.0413, -0.2652])
reached= tensor([10.,  0.,  0.])
Run 99, optimisation toward goal: 
TARGET =tensor([ 0.0624, -0.0431, -0.2395])
reached= tensor([ 0.0802, -0.0575,  0.0799])
Run 100, optimisation toward goal: 
TARGET =tensor([ 0.0652, -0.0208, -0.3130])
reached= tensor([ 0.0777, -0.0349, -0.2268])
Run 101, optimisation toward goal: 
TARGET =tensor([ 0.0670, -0.2092, -0.0353])
reached= tensor([ 0.0921, -0.0094,  0.2292])
Run 102, optimisation toward goal: 
TARGET =tensor([ 0.0647, -0.0878, -0.2790])
reached= tensor([10.,  0.,  0.])
Run 103, optimisation toward goal: 
TARGET =tensor([ 0.0664, -0.2173, -0.2872])
reached= tensor([ 0.0747, -0.2027, -0.2359])
Run 104, optimisation toward goal: 
TARGET =tensor([ 0.0663, -0.1485, -0.2799])
reached= tensor([ 0.0752, -0.1374, -0.2110])
Run 105, optimisation toward goal: 
TARGET =tensor([ 0.0614, -0.0215, -0.2664])
reached= tensor([ 0.0707, -0.0292, -0.1997])
Run 106, optimisation toward goal: 
TARGET =tensor([ 0.0665, -0.1735, -0.2837])
reached= tensor([ 0.0733, -0.1791, -0.2424])
Run 107, optimisation toward goal: 
TARGET =tensor([ 0.0639,  0.1801, -0.1879])
reached= tensor([ 0.0721,  0.1842, -0.1099])
Run 108, optimisation toward goal: 
TARGET =tensor([ 0.0698, -0.1701, -0.2929])
reached= tensor([ 0.0755, -0.0177,  0.2290])
Run 109, optimisation toward goal: 
TARGET =tensor([ 0.0625,  0.0245, -0.2699])
reached= tensor([ 0.0780,  0.0432, -0.2117])
Run 110, optimisation toward goal: 
TARGET =tensor([ 0.0661, -0.1888, -0.2736])
reached= tensor([ 0.0734, -0.1923, -0.2200])
Run 111, optimisation toward goal: 
TARGET =tensor([ 0.0649, -0.2232, -0.2780])
reached= tensor([ 0.0781, -0.1767, -0.2219])
Run 112, optimisation toward goal: 
TARGET =tensor([ 0.0631, -0.0053, -0.2794])
reached= tensor([ 0.0779, -0.0037, -0.1866])
Run 113, optimisation toward goal: 
TARGET =tensor([ 0.0660,  0.1454, -0.2472])
reached= tensor([10.,  0.,  0.])
Run 114, optimisation toward goal: 
TARGET =tensor([ 0.0645, -0.2304, -0.2781])
reached= tensor([ 0.0803, -0.2249, -0.2143])
Run 115, optimisation toward goal: 
TARGET =tensor([ 0.0623, -0.0969, -0.2745])
reached= tensor([ 0.0749, -0.0656, -0.2528])
Run 116, optimisation toward goal: 
TARGET =tensor([ 0.0657, -0.0924, -0.2865])
reached= tensor([10.,  0.,  0.])
Run 117, optimisation toward goal: 
TARGET =tensor([ 0.0661,  0.1070, -0.2510])
reached= tensor([ 0.0772,  0.1094, -0.1607])
Run 118, optimisation toward goal: 
TARGET =tensor([ 0.0663, -0.0298, -0.3112])
reached= tensor([ 0.0791, -0.0153, -0.2649])
Run 119, optimisation toward goal: 
TARGET =tensor([ 0.0664, -0.0220, -0.3234])
reached= tensor([10.,  0.,  0.])
Run 120, optimisation toward goal: 
TARGET =tensor([ 0.0649,  0.0237, -0.2897])
reached= tensor([ 0.0714,  0.0191, -0.2141])
Run 121, optimisation toward goal: 
TARGET =tensor([ 0.0653,  0.0359, -0.2916])
reached= tensor([0.1036, 0.0188, 0.2924])
Run 122, optimisation toward goal: 
TARGET =tensor([ 0.0678,  0.1973, -0.2572])
reached= tensor([ 0.0775,  0.2033, -0.2010])
Run 123, optimisation toward goal: 
TARGET =tensor([ 0.0680,  0.0364, -0.2955])
reached= tensor([ 0.0635, -0.1374,  0.2118])
Run 124, optimisation toward goal: 
TARGET =tensor([ 0.0657, -0.0442, -0.2951])
reached= tensor([10.,  0.,  0.])
Run 125, optimisation toward goal: 
TARGET =tensor([ 0.0678,  0.2084, -0.2815])
reached= tensor([0.0550, 0.0860, 0.1714])
Run 126, optimisation toward goal: 
TARGET =tensor([ 0.0645, -0.0395, -0.3216])
reached= tensor([ 0.0806, -0.0514, -0.2336])
Run 127, optimisation toward goal: 
TARGET =tensor([ 0.0663,  0.0265, -0.3006])
reached= tensor([ 1.0000e+01, -1.8234e-04,  4.1502e-03])
Run 128, optimisation toward goal: 
TARGET =tensor([ 0.0606, -0.0219, -0.3057])
reached= tensor([ 0.0810, -0.0094, -0.2484])
Run 129, optimisation toward goal: 
TARGET =tensor([ 0.0619,  0.0416, -0.2963])
reached= tensor([10.,  0.,  0.])
Run 130, optimisation toward goal: 
TARGET =tensor([ 0.0642,  0.1090, -0.2696])
reached= tensor([ 0.0747,  0.0807, -0.1558])
Run 131, optimisation toward goal: 
TARGET =tensor([ 0.0639, -0.2106, -0.0539])
reached= tensor([10.,  0.,  0.])
Run 132, optimisation toward goal: 
TARGET =tensor([ 0.0616, -0.1017, -0.2840])
reached= tensor([ 0.0749, -0.1093, -0.1989])
Run 133, optimisation toward goal: 
TARGET =tensor([ 0.0630, -0.2253, -0.1541])
reached= tensor([ 0.0668, -0.2220, -0.1286])
Run 134, optimisation toward goal: 
TARGET =tensor([ 0.0661,  0.0410, -0.3062])
reached= tensor([ 0.0784,  0.0109, -0.2523])
Run 135, optimisation toward goal: 
TARGET =tensor([ 0.0668, -0.1110, -0.3226])
reached= tensor([ 0.0776, -0.0975, -0.2515])
Run 136, optimisation toward goal: 
TARGET =tensor([ 0.0653,  0.0419, -0.2759])
reached= tensor([ 0.1223, -0.0093,  0.1897])
Run 137, optimisation toward goal: 
TARGET =tensor([ 0.0660, -0.2184, -0.2775])
reached= tensor([ 0.0754, -0.2013, -0.2333])
Run 138, optimisation toward goal: 
TARGET =tensor([ 0.0692, -0.2183, -0.2997])
reached= tensor([ 0.0878, -0.2232, -0.2071])
Run 139, optimisation toward goal: 
TARGET =tensor([ 0.0654, -0.1619, -0.3246])
reached= tensor([ 0.0787, -0.1541, -0.2450])
Run 140, optimisation toward goal: 
TARGET =tensor([ 0.0681, -0.0405, -0.3089])
reached= tensor([ 0.0783, -0.0589, -0.2430])
Run 141, optimisation toward goal: 
TARGET =tensor([ 0.0658, -0.0557, -0.3120])
reached= tensor([ 0.0804, -0.0990, -0.2228])
Run 142, optimisation toward goal: 
TARGET =tensor([ 0.0640,  0.0705, -0.2858])
reached= tensor([ 0.0791,  0.0792, -0.2276])
Run 143, optimisation toward goal: 
TARGET =tensor([ 0.0657, -0.2009, -0.0269])
reached= tensor([ 0.0671, -0.2115, -0.0308])
Run 144, optimisation toward goal: 
TARGET =tensor([ 0.0623, -0.1983, -0.3158])
reached= tensor([10.,  0.,  0.])
Run 145, optimisation toward goal: 
TARGET =tensor([ 0.0654,  0.0368, -0.3006])
reached= tensor([ 0.0733, -0.0059, -0.2099])
Run 146, optimisation toward goal: 
TARGET =tensor([ 0.0640,  0.1162, -0.3183])
reached= tensor([0.0906, 0.0995, 0.2682])
Run 147, optimisation toward goal: 
TARGET =tensor([ 0.0656, -0.0278, -0.3170])
reached= tensor([ 0.0819, -0.0215, -0.2195])
Run 148, optimisation toward goal: 
TARGET =tensor([ 0.0657,  0.1508, -0.2850])
reached= tensor([ 0.0852,  0.0140, -0.1430])
Run 149, optimisation toward goal: 
TARGET =tensor([ 0.0651, -0.0374, -0.3187])
reached= tensor([10.,  0.,  0.])
Run 150, optimisation toward goal: 
TARGET =tensor([ 0.0610,  0.2134, -0.2480])
reached= tensor([ 0.0754,  0.1772, -0.1592])
Run 151, optimisation toward goal: 
TARGET =tensor([ 0.0653, -0.0892, -0.0627])
reached= tensor([ 0.0624, -0.0487, -0.0286])
Run 152, optimisation toward goal: 
TARGET =tensor([ 0.0637,  0.0165, -0.3038])
reached= tensor([ 0.0797, -0.0159, -0.2193])
Run 153, optimisation toward goal: 
TARGET =tensor([ 0.0626,  0.2045, -0.0645])
reached= tensor([0.0669, 0.1043, 0.2867])
Run 154, optimisation toward goal: 
TARGET =tensor([ 0.0643,  0.1762, -0.0146])
reached= tensor([0.0683, 0.1590, 0.0016])
Run 155, optimisation toward goal: 
TARGET =tensor([ 0.0660,  0.1980, -0.0448])
reached= tensor([ 0.0622,  0.1896, -0.0222])
Run 156, optimisation toward goal: 
TARGET =tensor([ 0.0629, -0.1924, -0.0249])
reached= tensor([ 0.0646, -0.1941, -0.0080])
Run 157, optimisation toward goal: 
TARGET =tensor([ 0.0637,  0.1662, -0.0930])
reached= tensor([10.,  0.,  0.])
Run 158, optimisation toward goal: 
TARGET =tensor([ 0.0657, -0.1576, -0.2881])
reached= tensor([10.,  0.,  0.])
Run 159, optimisation toward goal: 
TARGET =tensor([ 0.0659,  0.1039, -0.2496])
reached= tensor([ 0.0823, -0.0183, -0.1344])
best achiever is run : tensor(118)
goal achieved by the best achiever :tensor([ 0.0791, -0.0153, -0.2649])
Write status file ...
Finished.
