Run the experiment ...
REP v_01 source code
seed(repetition id): 3
NEW TRY OF INIT
Exploration: 
40
NEW TRY OF INIT
Exploration: 
40
NEW TRY OF INIT
Exploration: 
40
NEW TRY OF INIT
Exploration: 
40
NEW TRY OF INIT
Exploration: 
40
NEW TRY OF INIT
Exploration: 
40
NEW TRY OF INIT
Exploration: 
40
NEW TRY OF INIT
Exploration: 
40
NEW TRY OF INIT
Exploration: 
40
NEW TRY OF INIT
Exploration: 
40
NEW TRY OF INIT
Exploration: 
40
NEW TRY OF INIT
Exploration: 
40
NEW TRY OF INIT
Exploration: 
40
NEW TRY OF INIT
Exploration: 
40
Run 42, optimisation toward goal: 
TARGET =tensor([0.0650, 0.0000, 0.0700])
reached= tensor([ 0.0846, -0.0061,  0.2238])
Run 43, optimisation toward goal: 
TARGET =tensor([0.0650, 0.0000, 0.0100])
reached= tensor([ 0.0872, -0.0067,  0.2296])
Run 44, optimisation toward goal: 
TARGET =tensor([ 0.0650,  0.0000, -0.0500])
reached= tensor([ 0.0751, -0.0038,  0.1955])
Run 45, optimisation toward goal: 
TARGET =tensor([ 0.0650,  0.0000, -0.1100])
reached= tensor([ 0.0731, -0.0069,  0.1587])
Run 46, optimisation toward goal: 
TARGET =tensor([ 0.0650,  0.0000, -0.1700])
reached= tensor([ 0.0731, -0.0069,  0.1587])
Run 47, optimisation toward goal: 
TARGET =tensor([ 0.0650,  0.0000, -0.2300])
reached= tensor([ 0.0731, -0.0069,  0.1587])
Run 48, optimisation toward goal: 
TARGET =tensor([ 0.0641, -0.0071,  0.0957])
reached= tensor([ 0.0881, -0.0072,  0.2304])
Run 49, optimisation toward goal: 
TARGET =tensor([ 0.0636, -0.0074,  0.0810])
reached= tensor([10.,  0.,  0.])
Run 50, optimisation toward goal: 
TARGET =tensor([ 0.0646, -0.0310,  0.0860])
reached= tensor([ 0.0878, -0.0073,  0.2296])
Run 51, optimisation toward goal: 
TARGET =tensor([ 0.0642, -0.0037,  0.0879])
reached= tensor([10.,  0.,  0.])
Run 52, optimisation toward goal: 
TARGET =tensor([0.0676, 0.0542, 0.0870])
reached= tensor([10.,  0.,  0.])
Run 53, optimisation toward goal: 
TARGET =tensor([ 0.0666, -0.0377,  0.0908])
reached= tensor([ 0.0906, -0.0082,  0.2479])
Run 54, optimisation toward goal: 
TARGET =tensor([ 0.0659, -0.0483,  0.1031])
reached= tensor([10.,  0.,  0.])
Run 55, optimisation toward goal: 
TARGET =tensor([ 0.0661, -0.0287,  0.1010])
reached= tensor([ 0.0875, -0.0074,  0.2292])
Run 56, optimisation toward goal: 
TARGET =tensor([0.0658, 0.0317, 0.0976])
reached= tensor([ 0.0863, -0.0055,  0.2263])
Run 57, optimisation toward goal: 
TARGET =tensor([ 0.0676, -0.0084,  0.0871])
reached= tensor([10.,  0.,  0.])
Run 58, optimisation toward goal: 
TARGET =tensor([ 0.0672, -0.0108,  0.0931])
reached= tensor([10.,  0.,  0.])
Run 59, optimisation toward goal: 
TARGET =tensor([0.0651, 0.0247, 0.0904])
reached= tensor([10.,  0.,  0.])
Run 60, optimisation toward goal: 
TARGET =tensor([0.0635, 0.0266, 0.1005])
reached= tensor([ 0.0893, -0.0065,  0.2323])
Run 61, optimisation toward goal: 
TARGET =tensor([0.0655, 0.0484, 0.1059])
reached= tensor([10.,  0.,  0.])
Run 62, optimisation toward goal: 
TARGET =tensor([0.0616, 0.0298, 0.0802])
reached= tensor([10.,  0.,  0.])
Run 63, optimisation toward goal: 
TARGET =tensor([0.0608, 0.0002, 0.0898])
reached= tensor([10.,  0.,  0.])
Run 64, optimisation toward goal: 
TARGET =tensor([ 0.0621, -0.0255,  0.0854])
reached= tensor([10.,  0.,  0.])
Run 65, optimisation toward goal: 
TARGET =tensor([ 0.0625, -0.0137,  0.0758])
reached= tensor([ 0.0848, -0.0064,  0.2234])
Run 66, optimisation toward goal: 
TARGET =tensor([ 0.0696, -0.0480,  0.0882])
reached= tensor([10.,  0.,  0.])
Run 67, optimisation toward goal: 
TARGET =tensor([ 0.0628, -0.0251,  0.0862])
reached= tensor([10.,  0.,  0.])
Run 68, optimisation toward goal: 
TARGET =tensor([0.0635, 0.0503, 0.1139])
reached= tensor([10.,  0.,  0.])
Run 69, optimisation toward goal: 
TARGET =tensor([0.0664, 0.0464, 0.1092])
reached= tensor([10.,  0.,  0.])
Run 70, optimisation toward goal: 
TARGET =tensor([0.0661, 0.0119, 0.0984])
reached= tensor([ 0.0889, -0.0069,  0.2331])
Run 71, optimisation toward goal: 
TARGET =tensor([ 0.0619, -0.0145,  0.0929])
reached= tensor([10.,  0.,  0.])
Run 72, optimisation toward goal: 
TARGET =tensor([ 0.0663, -0.0065,  0.0933])
reached= tensor([10.,  0.,  0.])
Run 73, optimisation toward goal: 
TARGET =tensor([0.0658, 0.0215, 0.0827])
reached= tensor([10.,  0.,  0.])
Run 74, optimisation toward goal: 
TARGET =tensor([ 0.0692, -0.0156,  0.0908])
reached= tensor([10.,  0.,  0.])
Run 75, optimisation toward goal: 
TARGET =tensor([ 0.0625, -0.0361,  0.1037])
reached= tensor([ 0.0877, -0.0075,  0.2293])
Run 76, optimisation toward goal: 
TARGET =tensor([0.0632, 0.0566, 0.0942])
reached= tensor([10.,  0.,  0.])
Run 77, optimisation toward goal: 
TARGET =tensor([0.0631, 0.0359, 0.0961])
reached= tensor([ 0.1308, -0.0085,  0.2547])
Run 78, optimisation toward goal: 
TARGET =tensor([0.0648, 0.0499, 0.1069])
reached= tensor([8.2026e-02, 1.1365e-04, 2.1984e-01])
Run 79, optimisation toward goal: 
TARGET =tensor([0.0689, 0.0255, 0.0968])
reached= tensor([10.,  0.,  0.])
Run 80, optimisation toward goal: 
TARGET =tensor([0.0671, 0.0057, 0.0878])
reached= tensor([ 0.0855, -0.0062,  0.2263])
Run 81, optimisation toward goal: 
TARGET =tensor([ 0.0640, -0.0051,  0.0993])
reached= tensor([10.,  0.,  0.])
Run 82, optimisation toward goal: 
TARGET =tensor([0.0653, 0.0172, 0.0758])
reached= tensor([10.,  0.,  0.])
Run 83, optimisation toward goal: 
TARGET =tensor([0.0607, 0.0578, 0.0990])
reached= tensor([10.,  0.,  0.])
Run 84, optimisation toward goal: 
TARGET =tensor([0.0630, 0.0306, 0.0777])
reached= tensor([ 0.0850, -0.0056,  0.2245])
Run 85, optimisation toward goal: 
TARGET =tensor([0.0579, 0.0335, 0.0882])
reached= tensor([ 0.0861, -0.0057,  0.2262])
Run 86, optimisation toward goal: 
TARGET =tensor([ 0.0650, -0.0514,  0.0972])
reached= tensor([10.,  0.,  0.])
Run 87, optimisation toward goal: 
TARGET =tensor([ 0.0647, -0.0010,  0.0775])
reached= tensor([10.,  0.,  0.])
Run 88, optimisation toward goal: 
TARGET =tensor([0.0676, 0.0170, 0.1022])
reached= tensor([10.,  0.,  0.])
Run 89, optimisation toward goal: 
TARGET =tensor([0.0624, 0.0081, 0.0843])
reached= tensor([10.,  0.,  0.])
Run 90, optimisation toward goal: 
TARGET =tensor([0.0647, 0.0279, 0.0918])
reached= tensor([ 0.0860, -0.0057,  0.2264])
Run 91, optimisation toward goal: 
TARGET =tensor([ 0.0629, -0.0491,  0.1019])
reached= tensor([10.,  0.,  0.])
Run 92, optimisation toward goal: 
TARGET =tensor([0.0641, 0.0224, 0.0966])
reached= tensor([10.,  0.,  0.])
Run 93, optimisation toward goal: 
TARGET =tensor([0.0653, 0.0133, 0.0878])
reached= tensor([10.,  0.,  0.])
Run 94, optimisation toward goal: 
TARGET =tensor([ 0.0641, -0.0008,  0.0841])
reached= tensor([ 0.0846, -0.0062,  0.2239])
Run 95, optimisation toward goal: 
TARGET =tensor([0.0642, 0.0093, 0.0799])
reached= tensor([ 0.0846, -0.0059,  0.2249])
Run 96, optimisation toward goal: 
TARGET =tensor([0.0670, 0.0370, 0.0797])
reached= tensor([ 0.0855, -0.0056,  0.2254])
Run 97, optimisation toward goal: 
TARGET =tensor([ 0.0651, -0.0046,  0.0863])
reached= tensor([10.,  0.,  0.])
Run 98, optimisation toward goal: 
TARGET =tensor([0.0639, 0.0480, 0.0982])
reached= tensor([10.,  0.,  0.])
Run 99, optimisation toward goal: 
TARGET =tensor([ 0.0644, -0.0460,  0.0880])
reached= tensor([ 0.0876, -0.0074,  0.2292])
Run 100, optimisation toward goal: 
TARGET =tensor([0.0643, 0.0455, 0.0892])
reached= tensor([ 0.0864, -0.0054,  0.2262])
Run 101, optimisation toward goal: 
TARGET =tensor([0.0645, 0.0271, 0.0768])
reached= tensor([10.,  0.,  0.])
Run 102, optimisation toward goal: 
TARGET =tensor([ 0.0646, -0.0037,  0.0870])
reached= tensor([10.,  0.,  0.])
Run 103, optimisation toward goal: 
TARGET =tensor([0.0618, 0.0468, 0.1069])
reached= tensor([10.,  0.,  0.])
Run 104, optimisation toward goal: 
TARGET =tensor([0.0663, 0.0438, 0.0835])
reached= tensor([10.,  0.,  0.])
Run 105, optimisation toward goal: 
TARGET =tensor([ 0.0661, -0.0458,  0.1115])
reached= tensor([ 0.0736, -0.0067,  0.1923])
Run 106, optimisation toward goal: 
TARGET =tensor([ 0.0655, -0.0361,  0.0908])
reached= tensor([10.,  0.,  0.])
Run 107, optimisation toward goal: 
TARGET =tensor([0.0636, 0.0082, 0.0944])
reached= tensor([10.,  0.,  0.])
Run 108, optimisation toward goal: 
TARGET =tensor([0.0685, 0.0390, 0.0864])
reached= tensor([10.,  0.,  0.])
Run 109, optimisation toward goal: 
TARGET =tensor([0.0643, 0.0391, 0.0830])
reached= tensor([10.,  0.,  0.])
Run 110, optimisation toward goal: 
TARGET =tensor([0.0627, 0.0018, 0.0986])
reached= tensor([ 0.0886, -0.0070,  0.2314])
Run 111, optimisation toward goal: 
TARGET =tensor([0.0659, 0.0271, 0.1025])
reached= tensor([10.,  0.,  0.])
Run 112, optimisation toward goal: 
TARGET =tensor([0.0657, 0.0552, 0.0979])
reached= tensor([10.,  0.,  0.])
Run 113, optimisation toward goal: 
TARGET =tensor([ 0.0667, -0.0443,  0.1006])
reached= tensor([10.,  0.,  0.])
Run 114, optimisation toward goal: 
TARGET =tensor([0.0675, 0.0496, 0.0818])
reached= tensor([0.0708, 0.0105, 0.1506])
Run 115, optimisation toward goal: 
TARGET =tensor([ 0.0625, -0.0124,  0.0889])
reached= tensor([ 0.0873, -0.0071,  0.2292])
Run 116, optimisation toward goal: 
TARGET =tensor([0.0635, 0.0512, 0.1007])
reached= tensor([10.,  0.,  0.])
Run 117, optimisation toward goal: 
TARGET =tensor([0.0672, 0.0142, 0.0780])
reached= tensor([10.,  0.,  0.])
Run 118, optimisation toward goal: 
TARGET =tensor([0.0656, 0.0467, 0.0893])
reached= tensor([10.,  0.,  0.])
Run 119, optimisation toward goal: 
TARGET =tensor([0.0663, 0.0583, 0.1155])
reached= tensor([0.0705, 0.0442, 0.1520])
Run 120, optimisation toward goal: 
TARGET =tensor([0.0627, 0.0210, 0.0870])
reached= tensor([ 0.0848, -0.0057,  0.2247])
Run 121, optimisation toward goal: 
TARGET =tensor([ 0.0638, -0.0114,  0.0895])
reached= tensor([10.,  0.,  0.])
Run 122, optimisation toward goal: 
TARGET =tensor([ 0.0650, -0.0134,  0.0864])
reached= tensor([10.,  0.,  0.])
Run 123, optimisation toward goal: 
TARGET =tensor([ 0.0665, -0.0381,  0.1053])
reached= tensor([10.,  0.,  0.])
Run 124, optimisation toward goal: 
TARGET =tensor([ 0.0662, -0.0485,  0.1154])
reached= tensor([10.,  0.,  0.])
Run 125, optimisation toward goal: 
TARGET =tensor([ 0.0688, -0.0261,  0.0823])
reached= tensor([ 0.0875, -0.0072,  0.2292])
Run 126, optimisation toward goal: 
TARGET =tensor([ 0.0655, -0.0304,  0.0965])
reached= tensor([10.,  0.,  0.])
Run 127, optimisation toward goal: 
TARGET =tensor([0.0613, 0.0032, 0.0801])
reached= tensor([ 0.0845, -0.0061,  0.2240])
Run 128, optimisation toward goal: 
TARGET =tensor([0.0658, 0.0313, 0.0908])
reached= tensor([10.,  0.,  0.])
Run 129, optimisation toward goal: 
TARGET =tensor([0.0622, 0.0034, 0.0943])
reached= tensor([10.,  0.,  0.])
Run 130, optimisation toward goal: 
TARGET =tensor([ 0.0623, -0.0151,  0.0945])
reached= tensor([ 0.0878, -0.0072,  0.2297])
Run 131, optimisation toward goal: 
TARGET =tensor([ 0.0665, -0.0011,  0.0940])
reached= tensor([10.,  0.,  0.])
Run 132, optimisation toward goal: 
TARGET =tensor([0.0680, 0.0555, 0.1086])
reached= tensor([10.,  0.,  0.])
Run 133, optimisation toward goal: 
TARGET =tensor([0.0654, 0.0093, 0.0847])
reached= tensor([10.,  0.,  0.])
Run 134, optimisation toward goal: 
TARGET =tensor([0.0619, 0.0049, 0.0898])
reached= tensor([10.,  0.,  0.])
Run 135, optimisation toward goal: 
TARGET =tensor([0.0654, 0.0433, 0.0814])
reached= tensor([ 0.0862, -0.0056,  0.2261])
Run 136, optimisation toward goal: 
TARGET =tensor([ 0.0628, -0.0339,  0.0862])
reached= tensor([10.,  0.,  0.])
Run 137, optimisation toward goal: 
TARGET =tensor([0.0612, 0.0128, 0.0915])
reached= tensor([10.,  0.,  0.])
Run 138, optimisation toward goal: 
TARGET =tensor([ 0.0676, -0.0249,  0.1007])
reached= tensor([10.,  0.,  0.])
Run 139, optimisation toward goal: 
TARGET =tensor([ 0.0660, -0.0477,  0.1105])
reached= tensor([10.,  0.,  0.])
Run 140, optimisation toward goal: 
TARGET =tensor([ 0.0685, -0.0098,  0.0863])
reached= tensor([ 0.0871, -0.0070,  0.2293])
Run 141, optimisation toward goal: 
TARGET =tensor([ 0.0648, -0.0090,  0.0826])
reached= tensor([10.,  0.,  0.])
Run 142, optimisation toward goal: 
TARGET =tensor([ 0.0629, -0.0192,  0.0866])
reached= tensor([10.,  0.,  0.])
Run 143, optimisation toward goal: 
TARGET =tensor([ 0.0652, -0.0225,  0.0839])
reached= tensor([10.,  0.,  0.])
Run 144, optimisation toward goal: 
TARGET =tensor([0.0635, 0.0247, 0.0881])
reached= tensor([10.,  0.,  0.])
Run 145, optimisation toward goal: 
TARGET =tensor([0.0665, 0.0075, 0.0782])
reached= tensor([ 0.0843, -0.0059,  0.2239])
Run 146, optimisation toward goal: 
TARGET =tensor([ 0.0630, -0.0192,  0.0850])
reached= tensor([ 0.0874, -0.0071,  0.2292])
Run 147, optimisation toward goal: 
TARGET =tensor([ 0.0672, -0.0426,  0.0866])
reached= tensor([10.,  0.,  0.])
Run 148, optimisation toward goal: 
TARGET =tensor([ 0.0665, -0.0161,  0.0795])
reached= tensor([10.,  0.,  0.])
Run 149, optimisation toward goal: 
TARGET =tensor([0.0665, 0.0123, 0.0794])
reached= tensor([10.,  0.,  0.])
Run 150, optimisation toward goal: 
TARGET =tensor([ 0.0669, -0.0170,  0.0897])
reached= tensor([ 0.0874, -0.0071,  0.2292])
Run 151, optimisation toward goal: 
TARGET =tensor([ 0.0603, -0.0446,  0.1075])
reached= tensor([10.,  0.,  0.])
Run 152, optimisation toward goal: 
TARGET =tensor([ 0.0633, -0.0376,  0.0887])
reached= tensor([10.,  0.,  0.])
Run 153, optimisation toward goal: 
TARGET =tensor([0.0660, 0.0296, 0.0921])
reached= tensor([10.,  0.,  0.])
Run 154, optimisation toward goal: 
TARGET =tensor([0.0673, 0.0421, 0.0830])
reached= tensor([ 0.0861, -0.0056,  0.2260])
Run 155, optimisation toward goal: 
TARGET =tensor([0.0609, 0.0080, 0.0852])
reached= tensor([ 0.0853, -0.0061,  0.2262])
Run 156, optimisation toward goal: 
TARGET =tensor([0.0618, 0.0063, 0.0871])
reached= tensor([10.,  0.,  0.])
Run 157, optimisation toward goal: 
TARGET =tensor([0.0652, 0.0092, 0.0867])
reached= tensor([10.,  0.,  0.])
Run 158, optimisation toward goal: 
TARGET =tensor([0.0650, 0.0148, 0.0858])
reached= tensor([10.,  0.,  0.])
Run 159, optimisation toward goal: 
TARGET =tensor([0.0672, 0.0468, 0.0906])
reached= tensor([10.,  0.,  0.])
best achiever is run : tensor(41)
goal achieved by the best achiever :tensor([0.0649, 0.0012, 0.1356])
Write status file ...
Finished.
