Run the experiment ...
REP v_01 source code
seed(repetition id): 6
NEW TRY OF INIT
Exploration: 
40
NEW TRY OF INIT
Exploration: 
40
Run 42, optimisation toward goal: 
TARGET =tensor([0.0650, 0.0000, 0.0700])
reached= tensor([0.0606, 0.0003, 0.0649])
Run 43, optimisation toward goal: 
TARGET =tensor([0.0650, 0.0000, 0.0100])
reached= tensor([0.0688, 0.0003, 0.0151])
Run 44, optimisation toward goal: 
TARGET =tensor([ 0.0650,  0.0000, -0.0500])
reached= tensor([ 0.0682, -0.0052, -0.0264])
Run 45, optimisation toward goal: 
TARGET =tensor([ 0.0650,  0.0000, -0.1100])
reached= tensor([ 0.0675, -0.0043, -0.0910])
Run 46, optimisation toward goal: 
TARGET =tensor([ 0.0650,  0.0000, -0.1700])
reached= tensor([10.0000,  0.0142, -0.0660])
Run 47, optimisation toward goal: 
TARGET =tensor([ 0.0650,  0.0000, -0.2300])
reached= tensor([ 0.0814, -0.0045, -0.1413])
Run 48, optimisation toward goal: 
TARGET =tensor([ 0.0631,  0.0789, -0.1506])
reached= tensor([ 0.0720,  0.0629, -0.1116])
Run 49, optimisation toward goal: 
TARGET =tensor([ 0.0670, -0.0650, -0.0419])
reached= tensor([ 0.0661, -0.0520, -0.0233])
Run 50, optimisation toward goal: 
TARGET =tensor([ 0.0626, -0.0048, -0.1767])
reached= tensor([ 1.0000e+01,  1.1183e-03, -2.8015e-03])
Run 51, optimisation toward goal: 
TARGET =tensor([ 0.0663, -0.0212, -0.2002])
reached= tensor([10.,  0.,  0.])
Run 52, optimisation toward goal: 
TARGET =tensor([ 0.0668, -0.0356, -0.1746])
reached= tensor([10.0000, -0.0114, -0.0404])
Run 53, optimisation toward goal: 
TARGET =tensor([ 0.0661,  0.0346, -0.1760])
reached= tensor([10.0000,  0.0272, -0.0681])
Run 54, optimisation toward goal: 
TARGET =tensor([ 0.0662,  0.1284, -0.1286])
reached= tensor([10.,  0.,  0.])
Run 55, optimisation toward goal: 
TARGET =tensor([ 0.0643, -0.0225, -0.1821])
reached= tensor([ 0.0738, -0.0177, -0.1492])
Run 56, optimisation toward goal: 
TARGET =tensor([ 0.0689,  0.0321, -0.1941])
reached= tensor([10.,  0.,  0.])
Run 57, optimisation toward goal: 
TARGET =tensor([ 0.0661, -0.0447, -0.2058])
reached= tensor([10.0000,  0.0151, -0.0419])
Run 58, optimisation toward goal: 
TARGET =tensor([ 0.0624, -0.0068, -0.2157])
reached= tensor([ 0.1001, -0.0051, -0.0848])
Run 59, optimisation toward goal: 
TARGET =tensor([ 0.0636, -0.0064, -0.2349])
reached= tensor([ 1.0000e+01,  4.9583e-03, -1.3039e-01])
Run 60, optimisation toward goal: 
TARGET =tensor([ 0.0667, -0.0228, -0.1980])
reached= tensor([10.,  0.,  0.])
Run 61, optimisation toward goal: 
TARGET =tensor([ 0.0652, -0.0060, -0.1855])
reached= tensor([ 0.0765,  0.0055, -0.1112])
Run 62, optimisation toward goal: 
TARGET =tensor([ 0.0643, -0.0411, -0.2075])
reached= tensor([10.,  0.,  0.])
Run 63, optimisation toward goal: 
TARGET =tensor([ 0.0639,  0.0005, -0.2304])
reached= tensor([ 0.0722,  0.0585, -0.0597])
Run 64, optimisation toward goal: 
TARGET =tensor([ 0.0650, -0.0471, -0.1742])
reached= tensor([10.,  0.,  0.])
Run 65, optimisation toward goal: 
TARGET =tensor([ 0.0640,  0.0281, -0.1837])
reached= tensor([ 1.0000e+01,  3.3989e-03, -2.3833e-02])
Run 66, optimisation toward goal: 
TARGET =tensor([ 0.0661, -0.0076, -0.1853])
reached= tensor([ 0.0748,  0.0036, -0.1077])
Run 67, optimisation toward goal: 
TARGET =tensor([ 0.0678,  0.0246, -0.1852])
reached= tensor([ 0.0729,  0.0214, -0.0440])
Run 68, optimisation toward goal: 
TARGET =tensor([ 0.0650,  0.0555, -0.1699])
reached= tensor([10.,  0.,  0.])
Run 69, optimisation toward goal: 
TARGET =tensor([ 0.0654, -0.0492, -0.2056])
reached= tensor([ 0.0769, -0.0278, -0.1515])
Run 70, optimisation toward goal: 
TARGET =tensor([ 0.0621, -0.0672, -0.1899])
reached= tensor([10.,  0.,  0.])
Run 71, optimisation toward goal: 
TARGET =tensor([ 0.0651,  0.1004, -0.1906])
reached= tensor([10.0000,  0.0264, -0.0160])
Run 72, optimisation toward goal: 
TARGET =tensor([ 0.0669,  0.0273, -0.2030])
reached= tensor([10.,  0.,  0.])
Run 73, optimisation toward goal: 
TARGET =tensor([ 0.0638, -0.0673, -0.1919])
reached= tensor([10.,  0.,  0.])
Run 74, optimisation toward goal: 
TARGET =tensor([ 0.0630, -0.0408, -0.2096])
reached= tensor([ 1.0000e+01, -1.4768e-03, -1.0845e-01])
Run 75, optimisation toward goal: 
TARGET =tensor([ 0.0626,  0.0289, -0.1753])
reached= tensor([ 1.0000e+01,  8.3934e-03, -1.2559e-01])
Run 76, optimisation toward goal: 
TARGET =tensor([ 0.0615, -0.0755, -0.1850])
reached= tensor([10.,  0.,  0.])
Run 77, optimisation toward goal: 
TARGET =tensor([ 0.0616, -0.0783, -0.1957])
reached= tensor([10.,  0.,  0.])
Run 78, optimisation toward goal: 
TARGET =tensor([ 0.0694, -0.1441, -0.0530])
reached= tensor([10.,  0.,  0.])
Run 79, optimisation toward goal: 
TARGET =tensor([ 0.0668,  0.0426, -0.2191])
reached= tensor([10.,  0.,  0.])
Run 80, optimisation toward goal: 
TARGET =tensor([ 0.0654,  0.1213, -0.1671])
reached= tensor([10.0000,  0.0114, -0.0150])
Run 81, optimisation toward goal: 
TARGET =tensor([ 0.0662, -0.0867, -0.2157])
reached= tensor([ 0.0767, -0.0736, -0.1013])
Run 82, optimisation toward goal: 
TARGET =tensor([ 0.0626, -0.0534, -0.2111])
reached= tensor([10.,  0.,  0.])
Run 83, optimisation toward goal: 
TARGET =tensor([ 0.0649, -0.0676, -0.2001])
reached= tensor([10.,  0.,  0.])
Run 84, optimisation toward goal: 
TARGET =tensor([ 0.0654,  0.1379, -0.1749])
reached= tensor([ 0.0821,  0.1427, -0.0800])
Run 85, optimisation toward goal: 
TARGET =tensor([ 0.0601, -0.0783, -0.2052])
reached= tensor([10.,  0.,  0.])
Run 86, optimisation toward goal: 
TARGET =tensor([ 0.0647, -0.0749, -0.1830])
reached= tensor([10.0000, -0.0584, -0.0992])
Run 87, optimisation toward goal: 
TARGET =tensor([ 0.0645,  0.0238, -0.2077])
reached= tensor([10.0000,  0.0284, -0.0720])
Run 88, optimisation toward goal: 
TARGET =tensor([ 0.0677,  0.1253, -0.1046])
reached= tensor([ 0.0806,  0.1163, -0.0483])
Run 89, optimisation toward goal: 
TARGET =tensor([ 0.0669, -0.0532, -0.2060])
reached= tensor([10.,  0.,  0.])
Run 90, optimisation toward goal: 
TARGET =tensor([ 0.0634,  0.1533, -0.0843])
reached= tensor([10.,  0.,  0.])
Run 91, optimisation toward goal: 
TARGET =tensor([ 0.0648,  0.0292, -0.1741])
reached= tensor([10.0000, -0.0157, -0.0686])
Run 92, optimisation toward goal: 
TARGET =tensor([ 0.0634, -0.0534, -0.0116])
reached= tensor([ 0.0704, -0.0465, -0.0022])
Run 93, optimisation toward goal: 
TARGET =tensor([ 0.0619,  0.0628, -0.1739])
reached= tensor([10.,  0.,  0.])
Run 94, optimisation toward goal: 
TARGET =tensor([ 0.0632,  0.0423, -0.2248])
reached= tensor([10.0000,  0.0365, -0.0676])
Run 95, optimisation toward goal: 
TARGET =tensor([ 0.0655, -0.0689, -0.1893])
reached= tensor([10.,  0.,  0.])
Run 96, optimisation toward goal: 
TARGET =tensor([ 0.0667, -0.0966, -0.2042])
reached= tensor([10.0000, -0.0135, -0.0203])
Run 97, optimisation toward goal: 
TARGET =tensor([ 0.0685, -0.0708, -0.1923])
reached= tensor([10.,  0.,  0.])
Run 98, optimisation toward goal: 
TARGET =tensor([ 0.0681,  0.0158, -0.2171])
reached= tensor([10.,  0.,  0.])
Run 99, optimisation toward goal: 
TARGET =tensor([ 0.0689, -0.0659, -0.1839])
reached= tensor([10.,  0.,  0.])
Run 100, optimisation toward goal: 
TARGET =tensor([ 0.0640, -0.0553, -0.1765])
reached= tensor([ 0.0818, -0.0368, -0.1528])
Run 101, optimisation toward goal: 
TARGET =tensor([ 0.0662, -0.1074, -0.1978])
reached= tensor([10.0000, -0.0593, -0.0670])
Run 102, optimisation toward goal: 
TARGET =tensor([ 0.0596, -0.0568, -0.1952])
reached= tensor([10.0000, -0.0203, -0.0454])
Run 103, optimisation toward goal: 
TARGET =tensor([ 0.0621,  0.0316, -0.2341])
reached= tensor([10.,  0.,  0.])
Run 104, optimisation toward goal: 
TARGET =tensor([ 0.0641, -0.0004, -0.2413])
reached= tensor([10.,  0.,  0.])
Run 105, optimisation toward goal: 
TARGET =tensor([ 0.0662,  0.0274, -0.2295])
reached= tensor([10.0000,  0.0182, -0.0654])
Run 106, optimisation toward goal: 
TARGET =tensor([ 0.0654,  0.1173, -0.1855])
reached= tensor([10.,  0.,  0.])
Run 107, optimisation toward goal: 
TARGET =tensor([ 0.0671,  0.0206, -0.1917])
reached= tensor([10.,  0.,  0.])
Run 108, optimisation toward goal: 
TARGET =tensor([ 0.0634, -0.0226, -0.2159])
reached= tensor([10.,  0.,  0.])
Run 109, optimisation toward goal: 
TARGET =tensor([ 0.0647, -0.0591, -0.2041])
reached= tensor([10.,  0.,  0.])
Run 110, optimisation toward goal: 
TARGET =tensor([ 0.0667,  0.0024, -0.2423])
reached= tensor([10.,  0.,  0.])
Run 111, optimisation toward goal: 
TARGET =tensor([ 0.0607,  0.0779, -0.1729])
reached= tensor([10.0000,  0.0172, -0.0292])
Run 112, optimisation toward goal: 
TARGET =tensor([ 0.0653,  0.1091, -0.1313])
reached= tensor([10.0000,  0.0337, -0.0341])
Run 113, optimisation toward goal: 
TARGET =tensor([ 0.0637, -0.0672, -0.2343])
reached= tensor([10.,  0.,  0.])
Run 114, optimisation toward goal: 
TARGET =tensor([ 0.0669, -0.0792, -0.1749])
reached= tensor([10.,  0.,  0.])
Run 115, optimisation toward goal: 
TARGET =tensor([ 0.0658,  0.0091, -0.2060])
reached= tensor([10.,  0.,  0.])
Run 116, optimisation toward goal: 
TARGET =tensor([ 0.0640, -0.0823, -0.2098])
reached= tensor([10.,  0.,  0.])
Run 117, optimisation toward goal: 
TARGET =tensor([ 0.0623,  0.0367, -0.1749])
reached= tensor([ 1.0000e+01, -4.8296e-04, -4.3545e-02])
Run 118, optimisation toward goal: 
TARGET =tensor([ 0.0644,  0.0123, -0.1964])
reached= tensor([10.,  0.,  0.])
Run 119, optimisation toward goal: 
TARGET =tensor([ 0.0661,  0.1356, -0.1524])
reached= tensor([ 0.0863,  0.1506, -0.0824])
Run 120, optimisation toward goal: 
TARGET =tensor([ 0.0640,  0.0206, -0.1902])
reached= tensor([ 1.0000e+01,  9.7705e-03, -5.2658e-02])
Run 121, optimisation toward goal: 
TARGET =tensor([ 0.0669, -0.0897, -0.1801])
reached= tensor([ 0.0802, -0.0738, -0.1143])
Run 122, optimisation toward goal: 
TARGET =tensor([ 0.0645,  0.0343, -0.2185])
reached= tensor([ 0.0728,  0.0354, -0.1104])
Run 123, optimisation toward goal: 
TARGET =tensor([ 0.0678,  0.0583, -0.1611])
reached= tensor([10.,  0.,  0.])
Run 124, optimisation toward goal: 
TARGET =tensor([ 0.0642, -0.1334, -0.1897])
reached= tensor([10.,  0.,  0.])
Run 125, optimisation toward goal: 
TARGET =tensor([ 0.0622,  0.1753, -0.1187])
reached= tensor([0.0959, 0.1048, 0.0316])
Run 126, optimisation toward goal: 
TARGET =tensor([ 0.0621,  0.0909, -0.2044])
reached= tensor([10.,  0.,  0.])
Run 127, optimisation toward goal: 
TARGET =tensor([ 0.0633,  0.1436, -0.1555])
reached= tensor([ 0.0819,  0.0920, -0.0775])
Run 128, optimisation toward goal: 
TARGET =tensor([ 0.0671,  0.0507, -0.2108])
reached= tensor([ 0.0787,  0.0450, -0.0671])
Run 129, optimisation toward goal: 
TARGET =tensor([ 0.0659, -0.0810, -0.1877])
reached= tensor([10.,  0.,  0.])
Run 130, optimisation toward goal: 
TARGET =tensor([ 0.0646,  0.1403, -0.1592])
reached= tensor([10.,  0.,  0.])
Run 131, optimisation toward goal: 
TARGET =tensor([ 0.0657, -0.0828, -0.2206])
reached= tensor([10.0000, -0.0246, -0.0465])
Run 132, optimisation toward goal: 
TARGET =tensor([ 0.0654, -0.1424, -0.1666])
reached= tensor([10.0000, -0.0318, -0.0633])
Run 133, optimisation toward goal: 
TARGET =tensor([ 0.0662, -0.0326, -0.2276])
reached= tensor([0.5083, 0.2518, 0.2834])
Run 134, optimisation toward goal: 
TARGET =tensor([ 0.0645,  0.0403, -0.1819])
reached= tensor([10.,  0.,  0.])
Run 135, optimisation toward goal: 
TARGET =tensor([ 0.0657, -0.0833, -0.1892])
reached= tensor([10.,  0.,  0.])
Run 136, optimisation toward goal: 
TARGET =tensor([ 0.0646,  0.0958, -0.1791])
reached= tensor([ 0.0772,  0.0198, -0.0865])
Run 137, optimisation toward goal: 
TARGET =tensor([ 0.0686, -0.1341, -0.0606])
reached= tensor([ 0.0748, -0.1161, -0.0295])
Run 138, optimisation toward goal: 
TARGET =tensor([ 0.0680, -0.0787, -0.1941])
reached= tensor([ 1.0000e+01, -2.5134e-02, -4.8139e-03])
Run 139, optimisation toward goal: 
TARGET =tensor([ 0.0667,  0.1399, -0.0148])
reached= tensor([10.,  0.,  0.])
Run 140, optimisation toward goal: 
TARGET =tensor([ 0.0639, -0.1349, -0.1583])
reached= tensor([ 0.0790, -0.1310, -0.1380])
Run 141, optimisation toward goal: 
TARGET =tensor([ 0.0621,  0.0080, -0.2025])
reached= tensor([10.,  0.,  0.])
Run 142, optimisation toward goal: 
TARGET =tensor([ 0.0669, -0.0744, -0.2057])
reached= tensor([ 1.0000e+01, -2.0622e-03, -1.8762e-03])
Run 143, optimisation toward goal: 
TARGET =tensor([ 0.0645, -0.0855, -0.2070])
reached= tensor([ 1.0000e+01, -6.8557e-03, -4.0511e-02])
Run 144, optimisation toward goal: 
TARGET =tensor([ 0.0651,  0.0899, -0.2056])
reached= tensor([10.,  0.,  0.])
Run 145, optimisation toward goal: 
TARGET =tensor([ 0.0669, -0.1874, -0.1981])
reached= tensor([10.0000, -0.0656, -0.0736])
Run 146, optimisation toward goal: 
TARGET =tensor([ 0.0639,  0.1120, -0.1810])
reached= tensor([10.,  0.,  0.])
Run 147, optimisation toward goal: 
TARGET =tensor([ 0.0682,  0.1718, -0.0839])
reached= tensor([ 0.0761,  0.1325, -0.0428])
Run 148, optimisation toward goal: 
TARGET =tensor([ 0.0662, -0.0277, -0.2119])
reached= tensor([10.0000,  0.0102, -0.0579])
Run 149, optimisation toward goal: 
TARGET =tensor([ 0.0633, -0.1649, -0.2251])
reached= tensor([10.,  0.,  0.])
Run 150, optimisation toward goal: 
TARGET =tensor([ 0.0627,  0.0180, -0.1941])
reached= tensor([10.,  0.,  0.])
Run 151, optimisation toward goal: 
TARGET =tensor([ 0.0636,  0.0762, -0.1388])
reached= tensor([10.0000,  0.0560, -0.0639])
Run 152, optimisation toward goal: 
TARGET =tensor([ 0.0662, -0.0856, -0.2069])
reached= tensor([ 1.0000e+01, -1.1335e-03, -1.4640e-03])
Run 153, optimisation toward goal: 
TARGET =tensor([ 0.0674, -0.1600, -0.1318])
reached= tensor([10.0000, -0.0693, -0.0361])
Run 154, optimisation toward goal: 
TARGET =tensor([ 0.0645,  0.0916, -0.1808])
reached= tensor([10.,  0.,  0.])
Run 155, optimisation toward goal: 
TARGET =tensor([ 0.0691, -0.1091, -0.1792])
reached= tensor([10.,  0.,  0.])
Run 156, optimisation toward goal: 
TARGET =tensor([ 0.0668, -0.0647, -0.2283])
reached= tensor([ 1.0000e+01, -2.8700e-03, -9.8448e-03])
Run 157, optimisation toward goal: 
TARGET =tensor([ 0.0616, -0.1617, -0.0418])
reached= tensor([10.,  0.,  0.])
Run 158, optimisation toward goal: 
TARGET =tensor([ 0.0645, -0.2015, -0.1637])
reached= tensor([10.,  0.,  0.])
Run 159, optimisation toward goal: 
TARGET =tensor([ 0.0664, -0.1987, -0.1943])
reached= tensor([10.,  0.,  0.])
best achiever is run : tensor(100)
goal achieved by the best achiever :tensor([ 0.0818, -0.0368, -0.1528])
Write status file ...
Finished.
