Run the experiment ...
REP v_01 source code
seed(repetition id): 4
NEW TRY OF INIT
Exploration: 
Run 42, optimisation toward goal: 
TARGET =tensor([ 0.0652,  0.1300, -0.1109])
reached= tensor([10.,  0.,  0.])
Run 43, optimisation toward goal: 
TARGET =tensor([ 0.0682, -0.0843, -0.3100])
reached= tensor([10.,  0.,  0.])
Run 44, optimisation toward goal: 
TARGET =tensor([0.0633, 0.1055, 0.3093])
reached= tensor([0.0623, 0.1074, 0.3093])
Run 45, optimisation toward goal: 
TARGET =tensor([ 0.0643, -0.0871,  0.1546])
reached= tensor([ 0.0626, -0.0876,  0.1532])
Run 46, optimisation toward goal: 
TARGET =tensor([ 0.0645,  0.1154, -0.1120])
reached= tensor([10.,  0.,  0.])
Run 47, optimisation toward goal: 
TARGET =tensor([ 0.0697, -0.0292,  0.2257])
reached= tensor([10.,  0.,  0.])
Run 48, optimisation toward goal: 
TARGET =tensor([ 0.0650, -0.0487,  0.1349])
reached= tensor([10.,  0.,  0.])
Run 49, optimisation toward goal: 
TARGET =tensor([ 0.0646,  0.0449, -0.1963])
reached= tensor([10.,  0.,  0.])
Run 50, optimisation toward goal: 
TARGET =tensor([ 0.0664, -0.2106,  0.2824])
reached= tensor([ 0.0666, -0.2105,  0.2818])
Run 51, optimisation toward goal: 
TARGET =tensor([0.0657, 0.2100, 0.0624])
reached= tensor([10.,  0.,  0.])
Run 52, optimisation toward goal: 
TARGET =tensor([0.0633, 0.1504, 0.3130])
reached= tensor([0.0706, 0.1335, 0.3186])
Run 53, optimisation toward goal: 
TARGET =tensor([ 0.0607, -0.0367, -0.1173])
reached= tensor([ 0.0666, -0.0415,  0.1486])
Run 54, optimisation toward goal: 
TARGET =tensor([ 0.0652, -0.1130, -0.1604])
reached= tensor([ 0.0640, -0.0720,  0.1953])
Run 55, optimisation toward goal: 
TARGET =tensor([0.0638, 0.0287, 0.1115])
reached= tensor([0.0623, 0.0293, 0.1110])
Run 56, optimisation toward goal: 
TARGET =tensor([ 0.0623, -0.0698,  0.2922])
reached= tensor([ 0.1000, -0.0158,  0.2794])
Run 57, optimisation toward goal: 
TARGET =tensor([ 0.0637, -0.1551,  0.0409])
reached= tensor([ 0.0705, -0.1181,  0.1117])
Run 58, optimisation toward goal: 
TARGET =tensor([0.0645, 0.2228, 0.2761])
reached= tensor([10.,  0.,  0.])
Run 59, optimisation toward goal: 
TARGET =tensor([0.0623, 0.2097, 0.2395])
reached= tensor([0.0736, 0.1483, 0.2498])
Run 60, optimisation toward goal: 
TARGET =tensor([0.0691, 0.1427, 0.3127])
reached= tensor([0.0678, 0.1419, 0.3125])
Run 61, optimisation toward goal: 
TARGET =tensor([ 0.0640, -0.1707,  0.1211])
reached= tensor([ 0.0762, -0.1288,  0.1545])
Run 62, optimisation toward goal: 
TARGET =tensor([ 0.0674,  0.0748, -0.2049])
reached= tensor([ 0.0683, -0.0555,  0.2404])
Run 63, optimisation toward goal: 
TARGET =tensor([ 0.0655, -0.1275,  0.0547])
reached= tensor([10.,  0.,  0.])
Run 64, optimisation toward goal: 
TARGET =tensor([0.0658, 0.1594, 0.1684])
reached= tensor([0.0832, 0.1210, 0.2055])
Run 65, optimisation toward goal: 
TARGET =tensor([0.0658, 0.1462, 0.2021])
reached= tensor([0.0721, 0.1434, 0.2053])
Run 66, optimisation toward goal: 
TARGET =tensor([ 0.0662, -0.1762, -0.1473])
reached= tensor([ 0.0769, -0.0264,  0.2665])
Run 67, optimisation toward goal: 
TARGET =tensor([ 0.0656,  0.0578, -0.0308])
reached= tensor([ 0.0674, -0.0471,  0.2431])
Run 68, optimisation toward goal: 
TARGET =tensor([ 0.0683, -0.1572,  0.2731])
reached= tensor([ 0.0682, -0.1556,  0.2745])
Run 69, optimisation toward goal: 
TARGET =tensor([0.0658, 0.0385, 0.0921])
reached= tensor([0.0647, 0.0409, 0.0925])
Run 70, optimisation toward goal: 
TARGET =tensor([0.0656, 0.1517, 0.1700])
reached= tensor([0.0678, 0.1496, 0.1726])
Run 71, optimisation toward goal: 
TARGET =tensor([ 0.0663, -0.0322, -0.3023])
reached= tensor([ 0.0510, -0.0422,  0.2177])
Run 72, optimisation toward goal: 
TARGET =tensor([ 0.0673, -0.1789, -0.1754])
reached= tensor([10.,  0.,  0.])
Run 73, optimisation toward goal: 
TARGET =tensor([ 0.0645, -0.1295, -0.1171])
reached= tensor([ 0.0695, -0.1412,  0.1472])
Run 74, optimisation toward goal: 
TARGET =tensor([0.0617, 0.1864, 0.1501])
reached= tensor([10.,  0.,  0.])
Run 75, optimisation toward goal: 
TARGET =tensor([0.0667, 0.1665, 0.1725])
reached= tensor([0.0674, 0.1672, 0.1726])
Run 76, optimisation toward goal: 
TARGET =tensor([ 0.0628,  0.1665, -0.1086])
reached= tensor([ 0.0718, -0.0401,  0.2403])
Run 77, optimisation toward goal: 
TARGET =tensor([0.0659, 0.1441, 0.2879])
reached= tensor([0.0667, 0.1428, 0.2898])
Run 78, optimisation toward goal: 
TARGET =tensor([ 0.0629, -0.1471, -0.2915])
reached= tensor([10.,  0.,  0.])
Run 79, optimisation toward goal: 
TARGET =tensor([ 0.0628,  0.0757, -0.0913])
reached= tensor([0.0643, 0.0134, 0.1200])
Run 80, optimisation toward goal: 
TARGET =tensor([ 0.0649,  0.0695, -0.0816])
reached= tensor([10.,  0.,  0.])
Run 81, optimisation toward goal: 
TARGET =tensor([ 0.0657, -0.1841,  0.1030])
reached= tensor([10.,  0.,  0.])
Run 82, optimisation toward goal: 
TARGET =tensor([ 0.0625, -0.2144, -0.0673])
reached= tensor([ 0.0700, -0.1146,  0.1248])
Run 83, optimisation toward goal: 
TARGET =tensor([0.0625, 0.1390, 0.3197])
reached= tensor([0.0674, 0.1438, 0.3201])
Run 84, optimisation toward goal: 
TARGET =tensor([ 0.0648, -0.1526, -0.0686])
reached= tensor([10.,  0.,  0.])
Run 85, optimisation toward goal: 
TARGET =tensor([0.0652, 0.1671, 0.1312])
reached= tensor([0.0667, 0.1671, 0.1322])
Run 86, optimisation toward goal: 
TARGET =tensor([ 0.0670,  0.1429, -0.1950])
reached= tensor([ 0.0750, -0.0404,  0.2365])
Run 87, optimisation toward goal: 
TARGET =tensor([ 0.0647, -0.0376,  0.3289])
reached= tensor([10.,  0.,  0.])
Run 88, optimisation toward goal: 
TARGET =tensor([ 0.0669, -0.0411,  0.1047])
reached= tensor([10.,  0.,  0.])
Run 89, optimisation toward goal: 
TARGET =tensor([ 0.0651, -0.1535,  0.0410])
reached= tensor([10.,  0.,  0.])
Run 90, optimisation toward goal: 
TARGET =tensor([0.0610, 0.1919, 0.1891])
reached= tensor([10.,  0.,  0.])
Run 91, optimisation toward goal: 
TARGET =tensor([ 0.0668,  0.1512, -0.0338])
reached= tensor([0.0734, 0.0988, 0.1567])
Run 92, optimisation toward goal: 
TARGET =tensor([0.0651, 0.1604, 0.1125])
reached= tensor([0.0679, 0.1417, 0.1130])
Run 93, optimisation toward goal: 
TARGET =tensor([ 0.0647,  0.0817, -0.0504])
reached= tensor([10.,  0.,  0.])
Run 94, optimisation toward goal: 
TARGET =tensor([ 0.0652, -0.0762,  0.0301])
reached= tensor([ 0.0721, -0.0677,  0.0804])
Run 95, optimisation toward goal: 
TARGET =tensor([0.0667, 0.1887, 0.1029])
reached= tensor([0.0674, 0.1876, 0.1038])
Run 96, optimisation toward goal: 
TARGET =tensor([0.0618, 0.0485, 0.0433])
reached= tensor([0.0750, 0.0237, 0.0919])
Run 97, optimisation toward goal: 
TARGET =tensor([ 0.0651, -0.1197,  0.3148])
reached= tensor([ 0.0680, -0.1210,  0.3103])
Run 98, optimisation toward goal: 
TARGET =tensor([ 0.0654, -0.1371,  0.2036])
reached= tensor([ 0.0675, -0.1348,  0.2071])
Run 99, optimisation toward goal: 
TARGET =tensor([ 0.0674,  0.1401, -0.1612])
reached= tensor([10.,  0.,  0.])
Run 100, optimisation toward goal: 
TARGET =tensor([ 6.5292e-02, -2.8014e-06, -1.8594e-01])
reached= tensor([10.,  0.,  0.])
Run 101, optimisation toward goal: 
TARGET =tensor([ 0.0628, -0.1536,  0.1107])
reached= tensor([ 0.0715, -0.1462,  0.1186])
Run 102, optimisation toward goal: 
TARGET =tensor([ 0.0644, -0.0362,  0.2886])
reached= tensor([10.,  0.,  0.])
Run 103, optimisation toward goal: 
TARGET =tensor([0.0667, 0.1086, 0.0338])
reached= tensor([0.0710, 0.0843, 0.0692])
Run 104, optimisation toward goal: 
TARGET =tensor([ 0.0647,  0.0783, -0.0994])
reached= tensor([0.0761, 0.1330, 0.2153])
Run 105, optimisation toward goal: 
TARGET =tensor([0.0627, 0.2069, 0.1776])
reached= tensor([10.,  0.,  0.])
Run 106, optimisation toward goal: 
TARGET =tensor([ 0.0622, -0.0494,  0.2183])
reached= tensor([ 0.0704, -0.0604,  0.2210])
Run 107, optimisation toward goal: 
TARGET =tensor([ 0.0640, -0.1514, -0.3088])
reached= tensor([ 0.0713, -0.0839,  0.1056])
Run 108, optimisation toward goal: 
TARGET =tensor([0.0702, 0.1735, 0.0510])
reached= tensor([10.,  0.,  0.])
Run 109, optimisation toward goal: 
TARGET =tensor([ 0.0652,  0.0008, -0.2137])
reached= tensor([0.0717, 0.1342, 0.1185])
Run 110, optimisation toward goal: 
TARGET =tensor([0.0671, 0.1225, 0.0732])
reached= tensor([0.0679, 0.1198, 0.0748])
Run 111, optimisation toward goal: 
TARGET =tensor([ 0.0612, -0.0522,  0.0988])
reached= tensor([ 0.0697, -0.0504,  0.1059])
Run 112, optimisation toward goal: 
TARGET =tensor([0.0627, 0.2169, 0.0262])
reached= tensor([ 0.0799, -0.0704,  0.2511])
Run 113, optimisation toward goal: 
TARGET =tensor([ 0.0651,  0.1014, -0.2407])
reached= tensor([ 0.0785, -0.0632,  0.2145])
Run 114, optimisation toward goal: 
TARGET =tensor([ 0.0655, -0.2105,  0.1174])
reached= tensor([ 0.0735, -0.1128,  0.1923])
Run 115, optimisation toward goal: 
TARGET =tensor([0.0621, 0.0256, 0.1628])
reached= tensor([0.0621, 0.0302, 0.1604])
Run 116, optimisation toward goal: 
TARGET =tensor([0.0652, 0.1259, 0.2877])
reached= tensor([0.0644, 0.1310, 0.2894])
Run 117, optimisation toward goal: 
TARGET =tensor([0.0644, 0.0435, 0.3149])
reached= tensor([0.0732, 0.0536, 0.3127])
Run 118, optimisation toward goal: 
TARGET =tensor([0.0659, 0.1949, 0.0899])
reached= tensor([0.2321, 0.0096, 0.2315])
Run 119, optimisation toward goal: 
TARGET =tensor([ 0.0665, -0.1689, -0.0499])
reached= tensor([10.,  0.,  0.])
Run 120, optimisation toward goal: 
TARGET =tensor([ 0.0661,  0.0162, -0.0061])
reached= tensor([0.0725, 0.0099, 0.0089])
Run 121, optimisation toward goal: 
TARGET =tensor([ 0.0660, -0.0588, -0.0666])
reached= tensor([10.,  0.,  0.])
Run 122, optimisation toward goal: 
TARGET =tensor([ 0.0616, -0.0885,  0.0782])
reached= tensor([ 0.0718, -0.0907,  0.0822])
Run 123, optimisation toward goal: 
TARGET =tensor([ 0.0661, -0.0691,  0.1424])
reached= tensor([10.,  0.,  0.])
Run 124, optimisation toward goal: 
TARGET =tensor([ 0.0654, -0.1964,  0.2689])
reached= tensor([ 0.0695, -0.2044,  0.2666])
Run 125, optimisation toward goal: 
TARGET =tensor([ 0.0664,  0.1848, -0.2540])
reached= tensor([10.,  0.,  0.])
Run 126, optimisation toward goal: 
TARGET =tensor([0.0690, 0.0608, 0.1829])
reached= tensor([0.0638, 0.0388, 0.1806])
Run 127, optimisation toward goal: 
TARGET =tensor([ 0.0618, -0.1579,  0.3138])
reached= tensor([ 0.0693, -0.1592,  0.3153])
Run 128, optimisation toward goal: 
TARGET =tensor([0.0646, 0.0011, 0.2754])
reached= tensor([ 0.2169, -0.0436,  0.2455])
Run 129, optimisation toward goal: 
TARGET =tensor([ 0.0692, -0.1535, -0.2163])
reached= tensor([0.0712, 0.0373, 0.0444])
Run 130, optimisation toward goal: 
TARGET =tensor([ 0.0613, -0.1081,  0.0062])
reached= tensor([ 0.0742, -0.1007,  0.0272])
Run 131, optimisation toward goal: 
TARGET =tensor([ 0.0648,  0.1366, -0.1981])
reached= tensor([10.,  0.,  0.])
Run 132, optimisation toward goal: 
TARGET =tensor([ 0.0676,  0.1609, -0.3168])
reached= tensor([10.,  0.,  0.])
Run 133, optimisation toward goal: 
TARGET =tensor([ 0.0617,  0.1682, -0.2700])
reached= tensor([10.,  0.,  0.])
Run 134, optimisation toward goal: 
TARGET =tensor([ 0.0642, -0.0652,  0.0630])
reached= tensor([10.,  0.,  0.])
Run 135, optimisation toward goal: 
TARGET =tensor([0.0662, 0.0656, 0.0443])
reached= tensor([0.0664, 0.0612, 0.0460])
Run 136, optimisation toward goal: 
TARGET =tensor([ 0.0651,  0.1339, -0.2019])
reached= tensor([ 0.0701, -0.0445,  0.2437])
Run 137, optimisation toward goal: 
TARGET =tensor([ 0.0687, -0.1155,  0.3211])
reached= tensor([ 0.0699, -0.1129,  0.3273])
Run 138, optimisation toward goal: 
TARGET =tensor([ 0.0654,  0.2000, -0.0949])
reached= tensor([0.0755, 0.0434, 0.1203])
Run 139, optimisation toward goal: 
TARGET =tensor([ 0.0641, -0.0322, -0.1921])
reached= tensor([10.,  0.,  0.])
Run 140, optimisation toward goal: 
TARGET =tensor([ 0.0626, -0.0466,  0.3146])
reached= tensor([10.,  0.,  0.])
Run 141, optimisation toward goal: 
TARGET =tensor([ 0.0645, -0.0811, -0.2093])
reached= tensor([10.,  0.,  0.])
Run 142, optimisation toward goal: 
TARGET =tensor([ 0.0669, -0.2000,  0.0731])
reached= tensor([10.,  0.,  0.])
Run 143, optimisation toward goal: 
TARGET =tensor([ 0.0638,  0.0009, -0.1786])
reached= tensor([10.,  0.,  0.])
Run 144, optimisation toward goal: 
TARGET =tensor([ 0.0691, -0.0427,  0.1119])
reached= tensor([ 0.0655, -0.0428,  0.1113])
Run 145, optimisation toward goal: 
TARGET =tensor([0.0676, 0.0707, 0.1234])
reached= tensor([0.0491, 0.0707, 0.1245])
Run 146, optimisation toward goal: 
TARGET =tensor([ 0.0632,  0.2058, -0.0396])
reached= tensor([0.0724, 0.1479, 0.0534])
Run 147, optimisation toward goal: 
TARGET =tensor([0.0645, 0.0214, 0.2607])
reached= tensor([10.,  0.,  0.])
Run 148, optimisation toward goal: 
TARGET =tensor([ 0.0680, -0.0941, -0.3474])
reached= tensor([0.0706, 0.0507, 0.0382])
Run 149, optimisation toward goal: 
TARGET =tensor([ 0.0629, -0.0047, -0.2451])
reached= tensor([10.,  0.,  0.])
Run 150, optimisation toward goal: 
TARGET =tensor([ 0.0648, -0.0853, -0.1745])
reached= tensor([10.,  0.,  0.])
Run 151, optimisation toward goal: 
TARGET =tensor([ 0.0625, -0.1912,  0.2597])
reached= tensor([ 0.0682, -0.2023,  0.2575])
Run 152, optimisation toward goal: 
TARGET =tensor([0.0695, 0.0623, 0.0406])
reached= tensor([0.0852, 0.0316, 0.1032])
Run 153, optimisation toward goal: 
TARGET =tensor([ 0.0666, -0.1100, -0.0931])
reached= tensor([ 0.0714, -0.0432,  0.2599])
Run 154, optimisation toward goal: 
TARGET =tensor([ 0.0667,  0.2164, -0.1785])
reached= tensor([0.0765, 0.1229, 0.1974])
Run 155, optimisation toward goal: 
TARGET =tensor([ 0.0632, -0.1784, -0.1049])
reached= tensor([ 0.1240, -0.1020,  0.1400])
Run 156, optimisation toward goal: 
TARGET =tensor([ 0.0655, -0.0665, -0.0844])
reached= tensor([ 0.0754, -0.0562,  0.0290])
Run 157, optimisation toward goal: 
TARGET =tensor([ 0.0649, -0.2008,  0.1669])
reached= tensor([10.,  0.,  0.])
Run 158, optimisation toward goal: 
TARGET =tensor([ 0.0695, -0.0571,  0.0464])
reached= tensor([10.,  0.,  0.])
nb_rollouts_explo = 0
nb_rollouts_grad = 3418
nb_rollouts_muta = 89
nb_rollouts_test = 1544
nb_rollouts_total = 5051
Run 159, optimisation toward goal: 
TARGET =tensor([ 0.0617,  0.1090, -0.0572])
reached= tensor([10.,  0.,  0.])
best achiever is run : tensor(120)
goal achieved by the best achiever :tensor([0.0725, 0.0099, 0.0089])
Write status file ...
Finished.
