Run the experiment ...
REP v_01 source code
seed(repetition id): 2
NEW TRY OF INIT
Exploration: 
40
NEW TRY OF INIT
Exploration: 
40
NEW TRY OF INIT
Exploration: 
40
NEW TRY OF INIT
Exploration: 
40
NEW TRY OF INIT
Exploration: 
40
NEW TRY OF INIT
Exploration: 
40
NEW TRY OF INIT
Exploration: 
40
NEW TRY OF INIT
Exploration: 
40
NEW TRY OF INIT
Exploration: 
40
NEW TRY OF INIT
Exploration: 
40
NEW TRY OF INIT
Exploration: 
40
NEW TRY OF INIT
Exploration: 
40
NEW TRY OF INIT
Exploration: 
40
NEW TRY OF INIT
Exploration: 
40
NEW TRY OF INIT
Exploration: 
40
NEW TRY OF INIT
Exploration: 
40
NEW TRY OF INIT
Exploration: 
40
NEW TRY OF INIT
Exploration: 
40
Run 42, optimisation toward goal: 
TARGET =tensor([0.0650, 0.0000, 0.0700])
reached= tensor([ 0.0717, -0.0022,  0.0706])
Run 43, optimisation toward goal: 
TARGET =tensor([0.0650, 0.0000, 0.0100])
reached= tensor([ 0.0787, -0.0023,  0.0118])
Run 44, optimisation toward goal: 
TARGET =tensor([ 0.0650,  0.0000, -0.0500])
reached= tensor([ 1.0000e+01, -1.7806e-03, -1.7493e-02])
Run 45, optimisation toward goal: 
TARGET =tensor([ 0.0650,  0.0000, -0.1100])
reached= tensor([ 1.0000e+01, -1.6116e-04, -1.6582e-02])
Run 46, optimisation toward goal: 
TARGET =tensor([ 0.0650,  0.0000, -0.1700])
reached= tensor([10.,  0.,  0.])
Run 47, optimisation toward goal: 
TARGET =tensor([ 0.0650,  0.0000, -0.2300])
reached= tensor([10.,  0.,  0.])
Run 48, optimisation toward goal: 
TARGET =tensor([ 0.0635,  0.0243, -0.0189])
reached= tensor([10.,  0.,  0.])
Run 49, optimisation toward goal: 
TARGET =tensor([ 0.0590,  0.0236, -0.0335])
reached= tensor([10.,  0.,  0.])
Run 50, optimisation toward goal: 
TARGET =tensor([ 0.0659, -0.0251, -0.0336])
reached= tensor([10.0000, -0.0232, -0.0226])
Run 51, optimisation toward goal: 
TARGET =tensor([ 0.0650, -0.0414, -0.0318])
reached= tensor([10.,  0.,  0.])
Run 52, optimisation toward goal: 
TARGET =tensor([ 0.0636, -0.0458, -0.0283])
reached= tensor([10.,  0.,  0.])
Run 53, optimisation toward goal: 
TARGET =tensor([ 0.0635,  0.0121, -0.0190])
reached= tensor([10.,  0.,  0.])
Run 54, optimisation toward goal: 
TARGET =tensor([ 0.0657, -0.0469, -0.0249])
reached= tensor([ 0.0850, -0.0405, -0.0095])
Run 55, optimisation toward goal: 
TARGET =tensor([ 0.0665,  0.0311, -0.0040])
reached= tensor([ 0.0702,  0.0305, -0.0103])
Run 56, optimisation toward goal: 
TARGET =tensor([ 0.0672, -0.1060, -0.0183])
reached= tensor([10.,  0.,  0.])
Run 57, optimisation toward goal: 
TARGET =tensor([ 0.0663, -0.0138, -0.0639])
reached= tensor([10.,  0.,  0.])
Run 58, optimisation toward goal: 
TARGET =tensor([ 0.0674,  0.0364, -0.0325])
reached= tensor([ 1.0000e+01,  1.0757e-02, -9.8743e-03])
Run 59, optimisation toward goal: 
TARGET =tensor([ 0.0646,  0.1133, -0.0125])
reached= tensor([10.,  0.,  0.])
Run 60, optimisation toward goal: 
TARGET =tensor([ 0.0617, -0.0924, -0.0777])
reached= tensor([10.,  0.,  0.])
Run 61, optimisation toward goal: 
TARGET =tensor([ 0.0641,  0.0333, -0.0521])
reached= tensor([10.0000,  0.0272, -0.0319])
Run 62, optimisation toward goal: 
TARGET =tensor([ 0.0672,  0.0607, -0.0471])
reached= tensor([10.,  0.,  0.])
Run 63, optimisation toward goal: 
TARGET =tensor([ 0.0669,  0.0838, -0.0496])
reached= tensor([ 0.0893,  0.0645, -0.0177])
Run 64, optimisation toward goal: 
TARGET =tensor([ 0.0646, -0.0901, -0.0919])
reached= tensor([ 0.0976, -0.0210,  0.2469])
Run 65, optimisation toward goal: 
TARGET =tensor([ 0.0619,  0.1135, -0.0416])
reached= tensor([10.0000,  0.0346, -0.0122])
Run 66, optimisation toward goal: 
TARGET =tensor([ 0.0621,  0.0851, -0.0678])
reached= tensor([10.,  0.,  0.])
Run 67, optimisation toward goal: 
TARGET =tensor([ 0.0662,  0.0852, -0.0653])
reached= tensor([10.,  0.,  0.])
Run 68, optimisation toward goal: 
TARGET =tensor([ 0.0621,  0.1071, -0.0674])
reached= tensor([0.0786, 0.0466, 0.0327])
Run 69, optimisation toward goal: 
TARGET =tensor([ 0.0653,  0.0645, -0.0754])
reached= tensor([10.,  0.,  0.])
Run 70, optimisation toward goal: 
TARGET =tensor([ 0.0681,  0.0824, -0.0657])
reached= tensor([10.0000,  0.0224, -0.0141])
Run 71, optimisation toward goal: 
TARGET =tensor([ 0.0659,  0.0850, -0.0645])
reached= tensor([10.,  0.,  0.])
Run 72, optimisation toward goal: 
TARGET =tensor([ 0.0654,  0.0326, -0.0625])
reached= tensor([10.,  0.,  0.])
Run 73, optimisation toward goal: 
TARGET =tensor([ 0.0680,  0.0109, -0.0711])
reached= tensor([10.,  0.,  0.])
Run 74, optimisation toward goal: 
TARGET =tensor([ 0.0647,  0.0847, -0.0611])
reached= tensor([ 0.2897, -0.0054,  0.1468])
Run 75, optimisation toward goal: 
TARGET =tensor([ 0.0662,  0.0646, -0.0526])
reached= tensor([10.,  0.,  0.])
Run 76, optimisation toward goal: 
TARGET =tensor([ 0.0632, -0.0374, -0.0714])
reached= tensor([10.,  0.,  0.])
Run 77, optimisation toward goal: 
TARGET =tensor([ 0.0662,  0.1202, -0.0462])
reached= tensor([ 0.4151, -0.0021,  0.0008])
Run 78, optimisation toward goal: 
TARGET =tensor([ 0.0653,  0.0128, -0.0682])
reached= tensor([10.,  0.,  0.])
Run 79, optimisation toward goal: 
TARGET =tensor([ 0.0634,  0.0248, -0.0599])
reached= tensor([10.,  0.,  0.])
Run 80, optimisation toward goal: 
TARGET =tensor([ 0.0660,  0.0957, -0.0734])
reached= tensor([ 1.0000e+01,  9.2314e-03, -7.2745e-03])
Run 81, optimisation toward goal: 
TARGET =tensor([ 0.0670,  0.0484, -0.0471])
reached= tensor([10.0000,  0.0324, -0.0211])
Run 82, optimisation toward goal: 
TARGET =tensor([ 0.0640,  0.0644, -0.0545])
reached= tensor([0.1212, 0.0011, 0.2335])
Run 83, optimisation toward goal: 
TARGET =tensor([ 0.0641,  0.0635, -0.0774])
reached= tensor([10.,  0.,  0.])
Run 84, optimisation toward goal: 
TARGET =tensor([ 0.0643,  0.0867, -0.0839])
reached= tensor([10.,  0.,  0.])
Run 85, optimisation toward goal: 
TARGET =tensor([ 0.0638,  0.0571, -0.0612])
reached= tensor([10.,  0.,  0.])
Run 86, optimisation toward goal: 
TARGET =tensor([ 0.0665,  0.0815, -0.0498])
reached= tensor([ 1.0000e+01,  1.4207e-02, -5.2552e-03])
Run 87, optimisation toward goal: 
TARGET =tensor([ 0.0668,  0.0563, -0.0623])
reached= tensor([10.,  0.,  0.])
Run 88, optimisation toward goal: 
TARGET =tensor([ 0.0671,  0.0702, -0.0465])
reached= tensor([ 0.4769, -0.0025,  0.0054])
Run 89, optimisation toward goal: 
TARGET =tensor([ 0.0627,  0.1160, -0.0470])
reached= tensor([10.,  0.,  0.])
Run 90, optimisation toward goal: 
TARGET =tensor([ 0.0649,  0.1027, -0.0620])
reached= tensor([10.,  0.,  0.])
Run 91, optimisation toward goal: 
TARGET =tensor([ 0.0648,  0.0328, -0.0720])
reached= tensor([ 0.0760,  0.0214, -0.0315])
Run 92, optimisation toward goal: 
TARGET =tensor([ 0.0656,  0.0154, -0.0524])
reached= tensor([10.,  0.,  0.])
Run 93, optimisation toward goal: 
TARGET =tensor([ 0.0664,  0.0497, -0.0687])
reached= tensor([10.,  0.,  0.])
Run 94, optimisation toward goal: 
TARGET =tensor([ 0.0654,  0.0373, -0.0879])
reached= tensor([10.,  0.,  0.])
Run 95, optimisation toward goal: 
TARGET =tensor([ 0.0626, -0.0079, -0.0744])
reached= tensor([ 1.0000e+01, -2.2368e-03, -5.4849e-03])
Run 96, optimisation toward goal: 
TARGET =tensor([ 0.0685,  0.0094, -0.0865])
reached= tensor([10.,  0.,  0.])
Run 97, optimisation toward goal: 
TARGET =tensor([ 0.0669,  0.0621, -0.0823])
reached= tensor([10.,  0.,  0.])
Run 98, optimisation toward goal: 
TARGET =tensor([ 0.0668, -0.0150, -0.0763])
reached= tensor([10.,  0.,  0.])
Run 99, optimisation toward goal: 
TARGET =tensor([ 0.0653, -0.0166, -0.0890])
reached= tensor([ 0.0838, -0.0194, -0.0459])
Run 100, optimisation toward goal: 
TARGET =tensor([ 0.0633, -0.0039, -0.0813])
reached= tensor([ 1.0000e+01,  2.1636e-04, -6.6488e-03])
Run 101, optimisation toward goal: 
TARGET =tensor([ 0.0664,  0.0015, -0.0767])
reached= tensor([10.,  0.,  0.])
Run 102, optimisation toward goal: 
TARGET =tensor([ 0.0640,  0.0247, -0.0807])
reached= tensor([10.,  0.,  0.])
Run 103, optimisation toward goal: 
TARGET =tensor([ 0.0601, -0.0718, -0.0736])
reached= tensor([10.0000, -0.0122, -0.0146])
Run 104, optimisation toward goal: 
TARGET =tensor([ 0.0612, -0.0703, -0.0905])
reached= tensor([10.,  0.,  0.])
Run 105, optimisation toward goal: 
TARGET =tensor([ 0.0621, -0.0024, -0.0969])
reached= tensor([ 1.0000e+01, -4.9463e-04, -2.8818e-02])
Run 106, optimisation toward goal: 
TARGET =tensor([ 0.0617, -0.0582, -0.0863])
reached= tensor([10.,  0.,  0.])
Run 107, optimisation toward goal: 
TARGET =tensor([ 0.0658, -0.0378, -0.0952])
reached= tensor([10.,  0.,  0.])
Run 108, optimisation toward goal: 
TARGET =tensor([ 0.0651, -0.0297, -0.0820])
reached= tensor([10.,  0.,  0.])
Run 109, optimisation toward goal: 
TARGET =tensor([ 0.0657, -0.0486, -0.0857])
reached= tensor([10.,  0.,  0.])
Run 110, optimisation toward goal: 
TARGET =tensor([ 0.0664,  0.0072, -0.0841])
reached= tensor([ 1.0000e+01, -1.3761e-03, -1.9050e-02])
Run 111, optimisation toward goal: 
TARGET =tensor([ 0.0659, -0.0727, -0.0956])
reached= tensor([ 0.0834, -0.0358,  0.2471])
Run 112, optimisation toward goal: 
TARGET =tensor([ 0.0639, -0.0177, -0.1013])
reached= tensor([10.,  0.,  0.])
Run 113, optimisation toward goal: 
TARGET =tensor([ 0.0663, -0.0036, -0.0703])
reached= tensor([10.,  0.,  0.])
Run 114, optimisation toward goal: 
TARGET =tensor([ 0.0701, -0.0263, -0.0686])
reached= tensor([10.,  0.,  0.])
Run 115, optimisation toward goal: 
TARGET =tensor([ 0.0708, -0.0155, -0.0918])
reached= tensor([10.,  0.,  0.])
Run 116, optimisation toward goal: 
TARGET =tensor([ 0.0658, -0.0687, -0.0904])
reached= tensor([10.,  0.,  0.])
Run 117, optimisation toward goal: 
TARGET =tensor([ 0.0644,  0.0316, -0.0897])
reached= tensor([ 1.0000e+01,  4.7684e-03, -6.7602e-03])
Run 118, optimisation toward goal: 
TARGET =tensor([ 0.0668, -0.0109, -0.0973])
reached= tensor([10.,  0.,  0.])
Run 119, optimisation toward goal: 
TARGET =tensor([ 0.0637,  0.1273, -0.0554])
reached= tensor([0.1233, 0.0291, 0.3068])
Run 120, optimisation toward goal: 
TARGET =tensor([ 0.0654,  0.0303, -0.0820])
reached= tensor([10.,  0.,  0.])
Run 121, optimisation toward goal: 
TARGET =tensor([ 0.0652, -0.0167, -0.1017])
reached= tensor([10.,  0.,  0.])
Run 122, optimisation toward goal: 
TARGET =tensor([ 0.0649, -0.0131, -0.0793])
reached= tensor([10.,  0.,  0.])
Run 123, optimisation toward goal: 
TARGET =tensor([ 0.0673,  0.0373, -0.0900])
reached= tensor([10.,  0.,  0.])
Run 124, optimisation toward goal: 
TARGET =tensor([ 0.0641, -0.0144, -0.0728])
reached= tensor([10.,  0.,  0.])
Run 125, optimisation toward goal: 
TARGET =tensor([ 0.0671,  0.0111, -0.0734])
reached= tensor([10.,  0.,  0.])
Run 126, optimisation toward goal: 
TARGET =tensor([ 0.0668,  0.0159, -0.0833])
reached= tensor([10.,  0.,  0.])
Run 127, optimisation toward goal: 
TARGET =tensor([ 0.0686, -0.0066, -0.1043])
reached= tensor([10.,  0.,  0.])
Run 128, optimisation toward goal: 
TARGET =tensor([ 0.0620, -0.0677, -0.0690])
reached= tensor([10.,  0.,  0.])
Run 129, optimisation toward goal: 
TARGET =tensor([ 0.0651, -0.1016, -0.0425])
reached= tensor([10.,  0.,  0.])
Run 130, optimisation toward goal: 
TARGET =tensor([ 0.0639, -0.0929, -0.0841])
reached= tensor([ 1.0000e+01, -1.4134e-02, -8.7406e-03])
Run 131, optimisation toward goal: 
TARGET =tensor([ 0.0674, -0.0349, -0.0858])
reached= tensor([10.,  0.,  0.])
Run 132, optimisation toward goal: 
TARGET =tensor([ 0.0621, -0.0452, -0.1044])
reached= tensor([10.,  0.,  0.])
Run 133, optimisation toward goal: 
TARGET =tensor([ 0.0650,  0.0248, -0.0979])
reached= tensor([10.,  0.,  0.])
Run 134, optimisation toward goal: 
TARGET =tensor([ 0.0666, -0.0176, -0.0871])
reached= tensor([10.,  0.,  0.])
Run 135, optimisation toward goal: 
TARGET =tensor([ 0.0694, -0.0235, -0.0931])
reached= tensor([ 1.0000e+01, -1.6686e-03, -2.0693e-03])
Run 136, optimisation toward goal: 
TARGET =tensor([ 0.0661, -0.0145, -0.0748])
reached= tensor([10.,  0.,  0.])
Run 137, optimisation toward goal: 
TARGET =tensor([ 0.0671, -0.0436, -0.0707])
reached= tensor([10.,  0.,  0.])
Run 138, optimisation toward goal: 
TARGET =tensor([ 0.0661, -0.0692, -0.0962])
reached= tensor([10.,  0.,  0.])
Run 139, optimisation toward goal: 
TARGET =tensor([ 0.0623,  0.0122, -0.0686])
reached= tensor([ 1.0000e+01,  1.9734e-05, -2.6401e-03])
Run 140, optimisation toward goal: 
TARGET =tensor([ 0.0659,  0.1099, -0.0606])
reached= tensor([10.0000,  0.0499, -0.0284])
Run 141, optimisation toward goal: 
TARGET =tensor([ 0.0677, -0.0356, -0.0964])
reached= tensor([10.,  0.,  0.])
Run 142, optimisation toward goal: 
TARGET =tensor([ 0.0614,  0.0193, -0.0881])
reached= tensor([10.,  0.,  0.])
Run 143, optimisation toward goal: 
TARGET =tensor([ 0.0631, -0.0731, -0.0893])
reached= tensor([10.,  0.,  0.])
Run 144, optimisation toward goal: 
TARGET =tensor([ 0.0654, -0.0496, -0.0577])
reached= tensor([ 1.0000e+01, -2.6811e-03, -2.7580e-03])
Run 145, optimisation toward goal: 
TARGET =tensor([ 0.0644, -0.0710, -0.0976])
reached= tensor([10.,  0.,  0.])
Run 146, optimisation toward goal: 
TARGET =tensor([ 0.0616,  0.0245, -0.0872])
reached= tensor([ 1.0000e+01,  8.6575e-03, -2.2434e-02])
Run 147, optimisation toward goal: 
TARGET =tensor([ 0.0643, -0.0615, -0.0737])
reached= tensor([10.,  0.,  0.])
Run 148, optimisation toward goal: 
TARGET =tensor([ 0.0632,  0.1138, -0.0043])
reached= tensor([10.,  0.,  0.])
Run 149, optimisation toward goal: 
TARGET =tensor([ 0.0637,  0.0020, -0.0791])
reached= tensor([10.,  0.,  0.])
Run 150, optimisation toward goal: 
TARGET =tensor([ 0.0655,  0.0280, -0.0897])
reached= tensor([10.,  0.,  0.])
Run 151, optimisation toward goal: 
TARGET =tensor([ 0.0630, -0.0685, -0.0808])
reached= tensor([10.,  0.,  0.])
Run 152, optimisation toward goal: 
TARGET =tensor([ 0.0676, -0.0176, -0.0790])
reached= tensor([10.,  0.,  0.])
Run 153, optimisation toward goal: 
TARGET =tensor([ 0.0645, -0.0114, -0.0899])
reached= tensor([10.,  0.,  0.])
Run 154, optimisation toward goal: 
TARGET =tensor([ 0.0666,  0.0276, -0.0833])
reached= tensor([10.,  0.,  0.])
Run 155, optimisation toward goal: 
TARGET =tensor([ 0.0649, -0.0211, -0.0937])
reached= tensor([ 1.0000e+01, -5.3650e-03, -3.5136e-02])
Run 156, optimisation toward goal: 
TARGET =tensor([ 0.0671, -0.0028, -0.1002])
reached= tensor([10.,  0.,  0.])
Run 157, optimisation toward goal: 
TARGET =tensor([ 0.0650,  0.0079, -0.0871])
reached= tensor([10.,  0.,  0.])
Run 158, optimisation toward goal: 
TARGET =tensor([ 0.0645, -0.0718, -0.0900])
reached= tensor([10.,  0.,  0.])
Run 159, optimisation toward goal: 
TARGET =tensor([ 0.0655, -0.0709, -0.0774])
reached= tensor([10.,  0.,  0.])
best achiever is run : tensor(99)
goal achieved by the best achiever :tensor([ 0.0838, -0.0194, -0.0459])
Write status file ...
Finished.
